<?xml version="1.0" encoding="utf-8"?>
<CoverageSession xmlns:xsd="http://www.w3.org/2001/XMLSchema" xmlns:xsi="http://www.w3.org/2001/XMLSchema-instance" Version="0.0.0.0">
  <Summary numSequencePoints="226" visitedSequencePoints="186" numBranchPoints="0" visitedBranchPoints="0" sequenceCoverage="82.30" branchCoverage="0.0" maxCyclomaticComplexity="0" minCyclomaticComplexity="0" maxCrapScore="0" minCrapScore="0" visitedClasses="14" numClasses="14" visitedMethods="37" numMethods="37" />
  <Modules>
    <Module>
      <Summary numSequencePoints="23" visitedSequencePoints="20" numBranchPoints="0" visitedBranchPoints="0" sequenceCoverage="86.96" branchCoverage="0.0" maxCyclomaticComplexity="0" minCyclomaticComplexity="0" maxCrapScore="0" minCrapScore="0" visitedClasses="1" numClasses="1" visitedMethods="4" numMethods="4" />
      <ModuleTime>0001-01-01T00:00:00</ModuleTime>
      <ModuleName>Assembly-CSharp</ModuleName>
      <Files>
        <File uid="1" fullPath="C:/Users/Vartotojas/Documents/bezdioniu kylimas/BezdioniuKylimas/Assets/Free_Pack/BURLY-MAN_1_swordsman/Free_GM.cs" />
        <File uid="2" fullPath="C:/Users/Vartotojas/Documents/bezdioniu kylimas/BezdioniuKylimas/Assets/Free_Pack/Demo_GameResource/Script/CharacterController_2D.cs" />
        <File uid="3" fullPath="C:/Users/Vartotojas/Documents/bezdioniu kylimas/BezdioniuKylimas/Assets/Free_Pack/Demo_GameResource/Script/ColliderEvent_Sender.cs" />
        <File uid="4" fullPath="C:/Users/Vartotojas/Documents/bezdioniu kylimas/BezdioniuKylimas/Assets/Free_Pack/Demo_GameResource/Script/Demo_GM.cs" />
        <File uid="5" fullPath="C:/Users/Vartotojas/Documents/bezdioniu kylimas/BezdioniuKylimas/Assets/Free_Pack/Demo_GameResource/Script/DestroyEffect.cs" />
        <File uid="6" fullPath="C:/Users/Vartotojas/Documents/bezdioniu kylimas/BezdioniuKylimas/Assets/Free_Pack/Demo_GameResource/Script/WoodDoll_Mgr.cs" />
        <File uid="7" fullPath="C:/Users/Vartotojas/Documents/bezdioniu kylimas/BezdioniuKylimas/Assets/GameController.cs" />
        <File uid="8" fullPath="C:/Users/Vartotojas/Documents/bezdioniu kylimas/BezdioniuKylimas/Assets/MovingTraps.cs" />
      </Files>
      <Classes>
        <Class>
          <Summary numSequencePoints="23" visitedSequencePoints="20" numBranchPoints="0" visitedBranchPoints="0" sequenceCoverage="86.96" branchCoverage="0.0" maxCyclomaticComplexity="0" minCyclomaticComplexity="0" maxCrapScore="0" minCrapScore="0" visitedClasses="1" numClasses="1" visitedMethods="4" numMethods="4" />
          <FullName>MovingTraps</FullName>
          <Methods>
            <Method visited="true" cyclomaticComplexity="0" nPathComplexity="0" sequenceCoverage="100.0" branchCoverage="0" crapScore="0" isConstructor="false" isStatic="false" isGetter="false" isSetter="false">
              <Summary numSequencePoints="9" visitedSequencePoints="9" numBranchPoints="0" visitedBranchPoints="0" sequenceCoverage="100.0" branchCoverage="0" maxCyclomaticComplexity="0" minCyclomaticComplexity="0" maxCrapScore="0" minCrapScore="0" visitedClasses="0" numClasses="0" visitedMethods="1" numMethods="1" />
              <MetadataToken>100663332</MetadataToken>
              <Name>System.Void MovingTraps::Awake()</Name>
              <FileRef uid="8" />
              <SequencePoints>
                <SequencePoint vc="7" uspid="1019" ordinal="0" offset="0" sl="17" sc="5" el="17" ec="5" bec="0" bev="0" fileid="8" />
                <SequencePoint vc="7" uspid="1020" ordinal="0" offset="1" sl="18" sc="9" el="18" ec="9" bec="0" bev="0" fileid="8" />
                <SequencePoint vc="7" uspid="1021" ordinal="0" offset="28" sl="19" sc="14" el="19" ec="14" bec="0" bev="0" fileid="8" />
                <SequencePoint vc="14" uspid="1022" ordinal="0" offset="32" sl="20" sc="9" el="20" ec="9" bec="0" bev="0" fileid="8" />
                <SequencePoint vc="14" uspid="1023" ordinal="0" offset="33" sl="21" sc="13" el="21" ec="13" bec="0" bev="0" fileid="8" />
                <SequencePoint vc="14" uspid="1024" ordinal="0" offset="68" sl="22" sc="9" el="22" ec="9" bec="0" bev="0" fileid="8" />
                <SequencePoint vc="14" uspid="1025" ordinal="0" offset="69" sl="19" sc="67" el="19" ec="67" bec="0" bev="0" fileid="8" />
                <SequencePoint vc="21" uspid="1026" ordinal="0" offset="73" sl="19" sc="25" el="19" ec="25" bec="0" bev="0" fileid="8" />
                <SequencePoint vc="7" uspid="1027" ordinal="0" offset="101" sl="23" sc="5" el="23" ec="5" bec="0" bev="0" fileid="8" />
              </SequencePoints>
              <BranchPoints />
            </Method>
            <Method visited="true" cyclomaticComplexity="0" nPathComplexity="0" sequenceCoverage="100.0" branchCoverage="0" crapScore="0" isConstructor="false" isStatic="false" isGetter="false" isSetter="false">
              <Summary numSequencePoints="5" visitedSequencePoints="5" numBranchPoints="0" visitedBranchPoints="0" sequenceCoverage="100.0" branchCoverage="0" maxCyclomaticComplexity="0" minCyclomaticComplexity="0" maxCrapScore="0" minCrapScore="0" visitedClasses="0" numClasses="0" visitedMethods="1" numMethods="1" />
              <MetadataToken>100663333</MetadataToken>
              <Name>System.Void MovingTraps::Start()</Name>
              <FileRef uid="8" />
              <SequencePoints>
                <SequencePoint vc="4" uspid="1028" ordinal="0" offset="0" sl="25" sc="5" el="25" ec="5" bec="0" bev="0" fileid="8" />
                <SequencePoint vc="4" uspid="1029" ordinal="0" offset="1" sl="26" sc="9" el="26" ec="9" bec="0" bev="0" fileid="8" />
                <SequencePoint vc="4" uspid="1030" ordinal="0" offset="15" sl="27" sc="9" el="27" ec="9" bec="0" bev="0" fileid="8" />
                <SequencePoint vc="4" uspid="1031" ordinal="0" offset="22" sl="28" sc="9" el="28" ec="9" bec="0" bev="0" fileid="8" />
                <SequencePoint vc="4" uspid="1032" ordinal="0" offset="51" sl="29" sc="5" el="29" ec="5" bec="0" bev="0" fileid="8" />
              </SequencePoints>
              <BranchPoints />
            </Method>
            <Method visited="true" cyclomaticComplexity="0" nPathComplexity="0" sequenceCoverage="62.50" branchCoverage="0" crapScore="0" isConstructor="false" isStatic="false" isGetter="false" isSetter="false">
              <Summary numSequencePoints="8" visitedSequencePoints="5" numBranchPoints="0" visitedBranchPoints="0" sequenceCoverage="62.50" branchCoverage="0" maxCyclomaticComplexity="0" minCyclomaticComplexity="0" maxCrapScore="0" minCrapScore="0" visitedClasses="0" numClasses="0" visitedMethods="1" numMethods="1" />
              <MetadataToken>100663334</MetadataToken>
              <Name>System.Void MovingTraps::Update()</Name>
              <FileRef uid="8" />
              <SequencePoints>
                <SequencePoint vc="9" uspid="1033" ordinal="0" offset="0" sl="31" sc="5" el="31" ec="5" bec="0" bev="0" fileid="8" />
                <SequencePoint vc="9" uspid="1034" ordinal="0" offset="1" sl="32" sc="9" el="32" ec="9" bec="0" bev="0" fileid="8" />
                <SequencePoint vc="9" uspid="1035" ordinal="0" offset="14" sl="33" sc="9" el="33" ec="9" bec="0" bev="0" fileid="8" />
                <SequencePoint vc="9" uspid="1036" ordinal="0" offset="49" sl="35" sc="9" el="35" ec="9" bec="0" bev="0" fileid="8" />
                <SequencePoint vc="0" uspid="1037" ordinal="0" offset="75" sl="36" sc="9" el="36" ec="9" bec="0" bev="0" fileid="8" />
                <SequencePoint vc="0" uspid="1038" ordinal="0" offset="76" sl="37" sc="13" el="37" ec="13" bec="0" bev="0" fileid="8" />
                <SequencePoint vc="0" uspid="1039" ordinal="0" offset="83" sl="38" sc="9" el="38" ec="9" bec="0" bev="0" fileid="8" />
                <SequencePoint vc="9" uspid="1040" ordinal="0" offset="84" sl="39" sc="5" el="39" ec="5" bec="0" bev="0" fileid="8" />
              </SequencePoints>
              <BranchPoints />
            </Method>
            <Method visited="true" cyclomaticComplexity="0" nPathComplexity="0" sequenceCoverage="100.0" branchCoverage="0" crapScore="0" isConstructor="true" isStatic="false" isGetter="false" isSetter="false">
              <Summary numSequencePoints="1" visitedSequencePoints="1" numBranchPoints="0" visitedBranchPoints="0" sequenceCoverage="100.0" branchCoverage="0" maxCyclomaticComplexity="0" minCyclomaticComplexity="0" maxCrapScore="0" minCrapScore="0" visitedClasses="0" numClasses="0" visitedMethods="1" numMethods="1" />
              <MetadataToken>100663336</MetadataToken>
              <Name>MovingTraps::MovingTraps()</Name>
              <FileRef uid="8" />
              <SequencePoints>
                <SequencePoint vc="7" uspid="1053" ordinal="0" offset="0" sl="14" sc="5" el="14" ec="5" bec="0" bev="0" fileid="8" />
              </SequencePoints>
              <BranchPoints />
            </Method>
          </Methods>
        </Class>
      </Classes>
    </Module>
    <Module>
      <Summary numSequencePoints="96" visitedSequencePoints="70" numBranchPoints="0" visitedBranchPoints="0" sequenceCoverage="72.92" branchCoverage="0.0" maxCyclomaticComplexity="0" minCyclomaticComplexity="0" maxCrapScore="0" minCrapScore="0" visitedClasses="6" numClasses="6" visitedMethods="18" numMethods="18" />
      <ModuleTime>0001-01-01T00:00:00</ModuleTime>
      <ModuleName>NewAssembly</ModuleName>
      <Files>
        <File uid="10" fullPath="C:/Users/Vartotojas/Documents/bezdioniu kylimas/BezdioniuKylimas/Assets/scripts/CameraControl.cs" />
        <File uid="11" fullPath="C:/Users/Vartotojas/Documents/bezdioniu kylimas/BezdioniuKylimas/Assets/scripts/GameController.cs" />
        <File uid="12" fullPath="C:/Users/Vartotojas/Documents/bezdioniu kylimas/BezdioniuKylimas/Assets/scripts/Health.cs" />
        <File uid="13" fullPath="C:/Users/Vartotojas/Documents/bezdioniu kylimas/BezdioniuKylimas/Assets/scripts/HealthBar.cs" />
        <File uid="14" fullPath="C:/Users/Vartotojas/Documents/bezdioniu kylimas/BezdioniuKylimas/Assets/scripts/Pause.cs" />
        <File uid="15" fullPath="C:/Users/Vartotojas/Documents/bezdioniu kylimas/BezdioniuKylimas/Assets/scripts/PlayerMovement.cs" />
        <File uid="16" fullPath="C:/Users/Vartotojas/Documents/bezdioniu kylimas/BezdioniuKylimas/Assets/scripts/QuitMenu.cs" />
        <File uid="17" fullPath="C:/Users/Vartotojas/Documents/bezdioniu kylimas/BezdioniuKylimas/Assets/scripts/StartMenu.cs" />
      </Files>
      <Classes>
        <Class>
          <Summary numSequencePoints="5" visitedSequencePoints="5" numBranchPoints="0" visitedBranchPoints="0" sequenceCoverage="100.0" branchCoverage="0.0" maxCyclomaticComplexity="0" minCyclomaticComplexity="0" maxCrapScore="0" minCrapScore="0" visitedClasses="1" numClasses="1" visitedMethods="2" numMethods="2" />
          <FullName>CameraControl</FullName>
          <Methods>
            <Method visited="true" cyclomaticComplexity="0" nPathComplexity="0" sequenceCoverage="100.0" branchCoverage="0" crapScore="0" isConstructor="false" isStatic="false" isGetter="false" isSetter="false">
              <Summary numSequencePoints="2" visitedSequencePoints="2" numBranchPoints="0" visitedBranchPoints="0" sequenceCoverage="100.0" branchCoverage="0" maxCyclomaticComplexity="0" minCyclomaticComplexity="0" maxCrapScore="0" minCrapScore="0" visitedClasses="0" numClasses="0" visitedMethods="1" numMethods="1" />
              <MetadataToken>100663297</MetadataToken>
              <Name>System.Void CameraControl::Start()</Name>
              <FileRef uid="10" />
              <SequencePoints>
                <SequencePoint vc="4" uspid="1078" ordinal="0" offset="0" sl="10" sc="5" el="10" ec="5" bec="0" bev="0" fileid="10" />
                <SequencePoint vc="4" uspid="1079" ordinal="0" offset="1" sl="12" sc="5" el="12" ec="5" bec="0" bev="0" fileid="10" />
              </SequencePoints>
              <BranchPoints />
            </Method>
            <Method visited="true" cyclomaticComplexity="0" nPathComplexity="0" sequenceCoverage="100.0" branchCoverage="0" crapScore="0" isConstructor="false" isStatic="false" isGetter="false" isSetter="false">
              <Summary numSequencePoints="3" visitedSequencePoints="3" numBranchPoints="0" visitedBranchPoints="0" sequenceCoverage="100.0" branchCoverage="0" maxCyclomaticComplexity="0" minCyclomaticComplexity="0" maxCrapScore="0" minCrapScore="0" visitedClasses="0" numClasses="0" visitedMethods="1" numMethods="1" />
              <MetadataToken>100663298</MetadataToken>
              <Name>System.Void CameraControl::Update()</Name>
              <FileRef uid="10" />
              <SequencePoints>
                <SequencePoint vc="9" uspid="1080" ordinal="0" offset="0" sl="16" sc="5" el="16" ec="5" bec="0" bev="0" fileid="10" />
                <SequencePoint vc="9" uspid="1081" ordinal="0" offset="1" sl="17" sc="9" el="17" ec="9" bec="0" bev="0" fileid="10" />
                <SequencePoint vc="9" uspid="1082" ordinal="0" offset="66" sl="18" sc="5" el="18" ec="5" bec="0" bev="0" fileid="10" />
              </SequencePoints>
              <BranchPoints />
            </Method>
          </Methods>
        </Class>
        <Class>
          <Summary numSequencePoints="20" visitedSequencePoints="20" numBranchPoints="0" visitedBranchPoints="0" sequenceCoverage="100.0" branchCoverage="0.0" maxCyclomaticComplexity="0" minCyclomaticComplexity="0" maxCrapScore="0" minCrapScore="0" visitedClasses="1" numClasses="1" visitedMethods="6" numMethods="6" />
          <FullName>GameController</FullName>
          <Methods>
            <Method visited="true" cyclomaticComplexity="0" nPathComplexity="0" sequenceCoverage="100.0" branchCoverage="0" crapScore="0" isConstructor="false" isStatic="false" isGetter="false" isSetter="false">
              <Summary numSequencePoints="3" visitedSequencePoints="3" numBranchPoints="0" visitedBranchPoints="0" sequenceCoverage="100.0" branchCoverage="0" maxCyclomaticComplexity="0" minCyclomaticComplexity="0" maxCrapScore="0" minCrapScore="0" visitedClasses="0" numClasses="0" visitedMethods="1" numMethods="1" />
              <MetadataToken>100663300</MetadataToken>
              <Name>System.Void GameController::Awake()</Name>
              <FileRef uid="11" />
              <SequencePoints>
                <SequencePoint vc="10" uspid="1083" ordinal="0" offset="0" sl="18" sc="5" el="18" ec="5" bec="0" bev="0" fileid="11" />
                <SequencePoint vc="10" uspid="1084" ordinal="0" offset="1" sl="19" sc="9" el="19" ec="9" bec="0" bev="0" fileid="11" />
                <SequencePoint vc="10" uspid="1085" ordinal="0" offset="13" sl="20" sc="5" el="20" ec="5" bec="0" bev="0" fileid="11" />
              </SequencePoints>
              <BranchPoints />
            </Method>
            <Method visited="true" cyclomaticComplexity="0" nPathComplexity="0" sequenceCoverage="100.0" branchCoverage="0" crapScore="0" isConstructor="false" isStatic="false" isGetter="false" isSetter="false">
              <Summary numSequencePoints="4" visitedSequencePoints="4" numBranchPoints="0" visitedBranchPoints="0" sequenceCoverage="100.0" branchCoverage="0" maxCyclomaticComplexity="0" minCyclomaticComplexity="0" maxCrapScore="0" minCrapScore="0" visitedClasses="0" numClasses="0" visitedMethods="1" numMethods="1" />
              <MetadataToken>100663301</MetadataToken>
              <Name>System.Void GameController::Start()</Name>
              <FileRef uid="11" />
              <SequencePoints>
                <SequencePoint vc="7" uspid="1086" ordinal="0" offset="0" sl="22" sc="5" el="22" ec="5" bec="0" bev="0" fileid="11" />
                <SequencePoint vc="7" uspid="1087" ordinal="0" offset="1" sl="23" sc="9" el="23" ec="9" bec="0" bev="0" fileid="11" />
                <SequencePoint vc="7" uspid="1088" ordinal="0" offset="23" sl="24" sc="9" el="24" ec="9" bec="0" bev="0" fileid="11" />
                <SequencePoint vc="4" uspid="1089" ordinal="0" offset="55" sl="25" sc="5" el="25" ec="5" bec="0" bev="0" fileid="11" />
              </SequencePoints>
              <BranchPoints />
            </Method>
            <Method visited="true" cyclomaticComplexity="0" nPathComplexity="0" sequenceCoverage="100.0" branchCoverage="0" crapScore="0" isConstructor="false" isStatic="false" isGetter="false" isSetter="false">
              <Summary numSequencePoints="3" visitedSequencePoints="3" numBranchPoints="0" visitedBranchPoints="0" sequenceCoverage="100.0" branchCoverage="0" maxCyclomaticComplexity="0" minCyclomaticComplexity="0" maxCrapScore="0" minCrapScore="0" visitedClasses="0" numClasses="0" visitedMethods="1" numMethods="1" />
              <MetadataToken>100663304</MetadataToken>
              <Name>System.Void GameController::Die()</Name>
              <FileRef uid="11" />
              <SequencePoints>
                <SequencePoint vc="1" uspid="1108" ordinal="0" offset="0" sl="49" sc="5" el="49" ec="5" bec="0" bev="0" fileid="11" />
                <SequencePoint vc="1" uspid="1109" ordinal="0" offset="1" sl="50" sc="9" el="50" ec="9" bec="0" bev="0" fileid="11" />
                <SequencePoint vc="1" uspid="1110" ordinal="0" offset="19" sl="51" sc="5" el="51" ec="5" bec="0" bev="0" fileid="11" />
              </SequencePoints>
              <BranchPoints />
            </Method>
            <Method visited="true" cyclomaticComplexity="0" nPathComplexity="0" sequenceCoverage="100.0" branchCoverage="0" crapScore="0" isConstructor="false" isStatic="false" isGetter="false" isSetter="false">
              <Summary numSequencePoints="2" visitedSequencePoints="2" numBranchPoints="0" visitedBranchPoints="0" sequenceCoverage="100.0" branchCoverage="0" maxCyclomaticComplexity="0" minCyclomaticComplexity="0" maxCrapScore="0" minCrapScore="0" visitedClasses="0" numClasses="0" visitedMethods="1" numMethods="1" />
              <MetadataToken>100663306</MetadataToken>
              <Name>System.Void GameController::Update()</Name>
              <FileRef uid="11" />
              <SequencePoints>
                <SequencePoint vc="12" uspid="1111" ordinal="0" offset="0" sl="61" sc="5" el="61" ec="5" bec="0" bev="0" fileid="11" />
                <SequencePoint vc="12" uspid="1112" ordinal="0" offset="1" sl="63" sc="5" el="63" ec="5" bec="0" bev="0" fileid="11" />
              </SequencePoints>
              <BranchPoints />
            </Method>
            <Method visited="true" cyclomaticComplexity="0" nPathComplexity="0" sequenceCoverage="100.0" branchCoverage="0" crapScore="0" isConstructor="false" isStatic="false" isGetter="false" isSetter="false">
              <Summary numSequencePoints="4" visitedSequencePoints="4" numBranchPoints="0" visitedBranchPoints="0" sequenceCoverage="100.0" branchCoverage="0" maxCyclomaticComplexity="0" minCyclomaticComplexity="0" maxCrapScore="0" minCrapScore="0" visitedClasses="0" numClasses="0" visitedMethods="1" numMethods="1" />
              <MetadataToken>100663307</MetadataToken>
              <Name>System.Void GameController::pauseGame()</Name>
              <FileRef uid="11" />
              <SequencePoints>
                <SequencePoint vc="1" uspid="1113" ordinal="0" offset="0" sl="65" sc="5" el="65" ec="5" bec="0" bev="0" fileid="11" />
                <SequencePoint vc="1" uspid="1114" ordinal="0" offset="1" sl="66" sc="9" el="66" ec="9" bec="0" bev="0" fileid="11" />
                <SequencePoint vc="1" uspid="1115" ordinal="0" offset="12" sl="67" sc="9" el="67" ec="9" bec="0" bev="0" fileid="11" />
                <SequencePoint vc="1" uspid="1116" ordinal="0" offset="25" sl="68" sc="5" el="68" ec="5" bec="0" bev="0" fileid="11" />
              </SequencePoints>
              <BranchPoints />
            </Method>
            <Method visited="true" cyclomaticComplexity="0" nPathComplexity="0" sequenceCoverage="100.0" branchCoverage="0" crapScore="0" isConstructor="false" isStatic="false" isGetter="false" isSetter="false">
              <Summary numSequencePoints="4" visitedSequencePoints="4" numBranchPoints="0" visitedBranchPoints="0" sequenceCoverage="100.0" branchCoverage="0" maxCyclomaticComplexity="0" minCyclomaticComplexity="0" maxCrapScore="0" minCrapScore="0" visitedClasses="0" numClasses="0" visitedMethods="1" numMethods="1" />
              <MetadataToken>100663308</MetadataToken>
              <Name>System.Void GameController::ResumeGame()</Name>
              <FileRef uid="11" />
              <SequencePoints>
                <SequencePoint vc="1" uspid="1117" ordinal="0" offset="0" sl="70" sc="5" el="70" ec="5" bec="0" bev="0" fileid="11" />
                <SequencePoint vc="1" uspid="1118" ordinal="0" offset="1" sl="71" sc="9" el="71" ec="9" bec="0" bev="0" fileid="11" />
                <SequencePoint vc="1" uspid="1119" ordinal="0" offset="12" sl="72" sc="9" el="72" ec="9" bec="0" bev="0" fileid="11" />
                <SequencePoint vc="1" uspid="1120" ordinal="0" offset="25" sl="73" sc="5" el="73" ec="5" bec="0" bev="0" fileid="11" />
              </SequencePoints>
              <BranchPoints />
            </Method>
          </Methods>
        </Class>
        <Class>
          <Summary numSequencePoints="1" visitedSequencePoints="1" numBranchPoints="0" visitedBranchPoints="0" sequenceCoverage="100.0" branchCoverage="0.0" maxCyclomaticComplexity="0" minCyclomaticComplexity="0" maxCrapScore="0" minCrapScore="0" visitedClasses="1" numClasses="1" visitedMethods="1" numMethods="1" />
          <FullName>Health</FullName>
          <Methods>
            <Method visited="true" cyclomaticComplexity="0" nPathComplexity="0" sequenceCoverage="100.0" branchCoverage="0" crapScore="0" isConstructor="true" isStatic="true" isGetter="false" isSetter="false">
              <Summary numSequencePoints="1" visitedSequencePoints="1" numBranchPoints="0" visitedBranchPoints="0" sequenceCoverage="100.0" branchCoverage="0" maxCyclomaticComplexity="0" minCyclomaticComplexity="0" maxCrapScore="0" minCrapScore="0" visitedClasses="0" numClasses="0" visitedMethods="1" numMethods="1" />
              <MetadataToken>100663312</MetadataToken>
              <Name>static Health::Health()</Name>
              <FileRef uid="12" />
              <SequencePoints>
                <SequencePoint vc="1" uspid="1125" ordinal="0" offset="0" sl="7" sc="5" el="7" ec="5" bec="0" bev="0" fileid="12" />
              </SequencePoints>
              <BranchPoints />
            </Method>
          </Methods>
        </Class>
        <Class>
          <Summary numSequencePoints="16" visitedSequencePoints="10" numBranchPoints="0" visitedBranchPoints="0" sequenceCoverage="62.50" branchCoverage="0.0" maxCyclomaticComplexity="0" minCyclomaticComplexity="0" maxCrapScore="0" minCrapScore="0" visitedClasses="1" numClasses="1" visitedMethods="2" numMethods="2" />
          <FullName>HealthBar</FullName>
          <Methods>
            <Method visited="true" cyclomaticComplexity="0" nPathComplexity="0" sequenceCoverage="53.85" branchCoverage="0" crapScore="0" isConstructor="false" isStatic="false" isGetter="false" isSetter="false">
              <Summary numSequencePoints="13" visitedSequencePoints="7" numBranchPoints="0" visitedBranchPoints="0" sequenceCoverage="53.85" branchCoverage="0" maxCyclomaticComplexity="0" minCyclomaticComplexity="0" maxCrapScore="0" minCrapScore="0" visitedClasses="0" numClasses="0" visitedMethods="1" numMethods="1" />
              <MetadataToken>100663313</MetadataToken>
              <Name>System.Void HealthBar::Start()</Name>
              <FileRef uid="13" />
              <SequencePoints>
                <SequencePoint vc="4" uspid="1126" ordinal="0" offset="0" sl="13" sc="5" el="13" ec="5" bec="0" bev="0" fileid="13" />
                <SequencePoint vc="4" uspid="1127" ordinal="0" offset="1" sl="14" sc="9" el="14" ec="9" bec="0" bev="0" fileid="13" />
                <SequencePoint vc="4" uspid="1128" ordinal="0" offset="13" sl="15" sc="9" el="15" ec="9" bec="0" bev="0" fileid="13" />
                <SequencePoint vc="0" uspid="1129" ordinal="0" offset="29" sl="16" sc="9" el="16" ec="9" bec="0" bev="0" fileid="13" />
                <SequencePoint vc="0" uspid="1130" ordinal="0" offset="30" sl="17" sc="13" el="17" ec="13" bec="0" bev="0" fileid="13" />
                <SequencePoint vc="0" uspid="1131" ordinal="0" offset="47" sl="18" sc="9" el="18" ec="9" bec="0" bev="0" fileid="13" />
                <SequencePoint vc="4" uspid="1132" ordinal="0" offset="48" sl="19" sc="9" el="19" ec="9" bec="0" bev="0" fileid="13" />
                <SequencePoint vc="0" uspid="1133" ordinal="0" offset="64" sl="20" sc="9" el="20" ec="9" bec="0" bev="0" fileid="13" />
                <SequencePoint vc="0" uspid="1134" ordinal="0" offset="65" sl="21" sc="13" el="21" ec="13" bec="0" bev="0" fileid="13" />
                <SequencePoint vc="0" uspid="1135" ordinal="0" offset="82" sl="22" sc="9" el="22" ec="9" bec="0" bev="0" fileid="13" />
                <SequencePoint vc="4" uspid="1136" ordinal="0" offset="83" sl="23" sc="9" el="23" ec="9" bec="0" bev="0" fileid="13" />
                <SequencePoint vc="4" uspid="1137" ordinal="0" offset="95" sl="24" sc="9" el="24" ec="9" bec="0" bev="0" fileid="13" />
                <SequencePoint vc="4" uspid="1138" ordinal="0" offset="107" sl="25" sc="5" el="25" ec="5" bec="0" bev="0" fileid="13" />
              </SequencePoints>
              <BranchPoints />
            </Method>
            <Method visited="true" cyclomaticComplexity="0" nPathComplexity="0" sequenceCoverage="100.0" branchCoverage="0" crapScore="0" isConstructor="false" isStatic="false" isGetter="false" isSetter="false">
              <Summary numSequencePoints="3" visitedSequencePoints="3" numBranchPoints="0" visitedBranchPoints="0" sequenceCoverage="100.0" branchCoverage="0" maxCyclomaticComplexity="0" minCyclomaticComplexity="0" maxCrapScore="0" minCrapScore="0" visitedClasses="0" numClasses="0" visitedMethods="1" numMethods="1" />
              <MetadataToken>100663315</MetadataToken>
              <Name>System.Void HealthBar::SetSize(System.Single)</Name>
              <FileRef uid="13" />
              <SequencePoints>
                <SequencePoint vc="4" uspid="1162" ordinal="0" offset="0" sl="52" sc="5" el="52" ec="5" bec="0" bev="0" fileid="13" />
                <SequencePoint vc="4" uspid="1163" ordinal="0" offset="1" sl="53" sc="9" el="53" ec="9" bec="0" bev="0" fileid="13" />
                <SequencePoint vc="4" uspid="1164" ordinal="0" offset="24" sl="54" sc="5" el="54" ec="5" bec="0" bev="0" fileid="13" />
              </SequencePoints>
              <BranchPoints />
            </Method>
          </Methods>
        </Class>
        <Class>
          <Summary numSequencePoints="48" visitedSequencePoints="31" numBranchPoints="0" visitedBranchPoints="0" sequenceCoverage="64.58" branchCoverage="0.0" maxCyclomaticComplexity="0" minCyclomaticComplexity="0" maxCrapScore="0" minCrapScore="0" visitedClasses="1" numClasses="1" visitedMethods="6" numMethods="6" />
          <FullName>PlayerMovement</FullName>
          <Methods>
            <Method visited="true" cyclomaticComplexity="0" nPathComplexity="0" sequenceCoverage="100.0" branchCoverage="0" crapScore="0" isConstructor="false" isStatic="false" isGetter="false" isSetter="false">
              <Summary numSequencePoints="6" visitedSequencePoints="6" numBranchPoints="0" visitedBranchPoints="0" sequenceCoverage="100.0" branchCoverage="0" maxCyclomaticComplexity="0" minCyclomaticComplexity="0" maxCrapScore="0" minCrapScore="0" visitedClasses="0" numClasses="0" visitedMethods="1" numMethods="1" />
              <MetadataToken>100663319</MetadataToken>
              <Name>System.Void PlayerMovement::Start()</Name>
              <FileRef uid="15" />
              <SequencePoints>
                <SequencePoint vc="6" uspid="1168" ordinal="0" offset="0" sl="25" sc="5" el="25" ec="5" bec="0" bev="0" fileid="15" />
                <SequencePoint vc="6" uspid="1169" ordinal="0" offset="1" sl="26" sc="9" el="26" ec="9" bec="0" bev="0" fileid="15" />
                <SequencePoint vc="6" uspid="1170" ordinal="0" offset="13" sl="27" sc="9" el="27" ec="9" bec="0" bev="0" fileid="15" />
                <SequencePoint vc="6" uspid="1171" ordinal="0" offset="25" sl="28" sc="9" el="28" ec="9" bec="0" bev="0" fileid="15" />
                <SequencePoint vc="6" uspid="1172" ordinal="0" offset="37" sl="29" sc="9" el="29" ec="9" bec="0" bev="0" fileid="15" />
                <SequencePoint vc="6" uspid="1173" ordinal="0" offset="49" sl="30" sc="5" el="30" ec="5" bec="0" bev="0" fileid="15" />
              </SequencePoints>
              <BranchPoints />
            </Method>
            <Method visited="true" cyclomaticComplexity="0" nPathComplexity="0" sequenceCoverage="100.0" branchCoverage="0" crapScore="0" isConstructor="false" isStatic="false" isGetter="false" isSetter="false">
              <Summary numSequencePoints="5" visitedSequencePoints="5" numBranchPoints="0" visitedBranchPoints="0" sequenceCoverage="100.0" branchCoverage="0" maxCyclomaticComplexity="0" minCyclomaticComplexity="0" maxCrapScore="0" minCrapScore="0" visitedClasses="0" numClasses="0" visitedMethods="1" numMethods="1" />
              <MetadataToken>100663320</MetadataToken>
              <Name>System.Void PlayerMovement::Update()</Name>
              <FileRef uid="15" />
              <SequencePoints>
                <SequencePoint vc="10" uspid="1174" ordinal="0" offset="0" sl="34" sc="5" el="34" ec="5" bec="0" bev="0" fileid="15" />
                <SequencePoint vc="10" uspid="1175" ordinal="0" offset="1" sl="35" sc="9" el="35" ec="9" bec="0" bev="0" fileid="15" />
                <SequencePoint vc="10" uspid="1176" ordinal="0" offset="8" sl="36" sc="9" el="36" ec="9" bec="0" bev="0" fileid="15" />
                <SequencePoint vc="10" uspid="1177" ordinal="0" offset="15" sl="37" sc="9" el="37" ec="9" bec="0" bev="0" fileid="15" />
                <SequencePoint vc="10" uspid="1178" ordinal="0" offset="22" sl="38" sc="5" el="38" ec="5" bec="0" bev="0" fileid="15" />
              </SequencePoints>
              <BranchPoints />
            </Method>
            <Method visited="true" cyclomaticComplexity="0" nPathComplexity="0" sequenceCoverage="100.0" branchCoverage="0" crapScore="0" isConstructor="false" isStatic="false" isGetter="false" isSetter="false">
              <Summary numSequencePoints="4" visitedSequencePoints="4" numBranchPoints="0" visitedBranchPoints="0" sequenceCoverage="100.0" branchCoverage="0" maxCyclomaticComplexity="0" minCyclomaticComplexity="0" maxCrapScore="0" minCrapScore="0" visitedClasses="0" numClasses="0" visitedMethods="1" numMethods="1" />
              <MetadataToken>100663321</MetadataToken>
              <Name>System.Void PlayerMovement::Move()</Name>
              <FileRef uid="15" />
              <SequencePoints>
                <SequencePoint vc="12" uspid="1179" ordinal="0" offset="0" sl="40" sc="5" el="40" ec="5" bec="0" bev="0" fileid="15" />
                <SequencePoint vc="12" uspid="1180" ordinal="0" offset="1" sl="41" sc="9" el="41" ec="9" bec="0" bev="0" fileid="15" />
                <SequencePoint vc="12" uspid="1181" ordinal="0" offset="17" sl="42" sc="9" el="42" ec="9" bec="0" bev="0" fileid="15" />
                <SequencePoint vc="10" uspid="1182" ordinal="0" offset="63" sl="43" sc="5" el="43" ec="5" bec="0" bev="0" fileid="15" />
              </SequencePoints>
              <BranchPoints />
            </Method>
            <Method visited="true" cyclomaticComplexity="0" nPathComplexity="0" sequenceCoverage="50.00" branchCoverage="0" crapScore="0" isConstructor="false" isStatic="false" isGetter="false" isSetter="false">
              <Summary numSequencePoints="6" visitedSequencePoints="3" numBranchPoints="0" visitedBranchPoints="0" sequenceCoverage="50.00" branchCoverage="0" maxCyclomaticComplexity="0" minCyclomaticComplexity="0" maxCrapScore="0" minCrapScore="0" visitedClasses="0" numClasses="0" visitedMethods="1" numMethods="1" />
              <MetadataToken>100663322</MetadataToken>
              <Name>System.Void PlayerMovement::Jump()</Name>
              <FileRef uid="15" />
              <SequencePoints>
                <SequencePoint vc="11" uspid="1183" ordinal="0" offset="0" sl="46" sc="5" el="46" ec="5" bec="0" bev="0" fileid="15" />
                <SequencePoint vc="11" uspid="1184" ordinal="0" offset="1" sl="47" sc="9" el="47" ec="9" bec="0" bev="0" fileid="15" />
                <SequencePoint vc="0" uspid="1185" ordinal="0" offset="26" sl="48" sc="9" el="48" ec="9" bec="0" bev="0" fileid="15" />
                <SequencePoint vc="0" uspid="1186" ordinal="0" offset="27" sl="49" sc="13" el="49" ec="13" bec="0" bev="0" fileid="15" />
                <SequencePoint vc="0" uspid="1187" ordinal="0" offset="66" sl="50" sc="9" el="50" ec="9" bec="0" bev="0" fileid="15" />
                <SequencePoint vc="11" uspid="1188" ordinal="0" offset="67" sl="51" sc="5" el="51" ec="5" bec="0" bev="0" fileid="15" />
              </SequencePoints>
              <BranchPoints />
            </Method>
            <Method visited="true" cyclomaticComplexity="0" nPathComplexity="0" sequenceCoverage="41.67" branchCoverage="0" crapScore="0" isConstructor="false" isStatic="false" isGetter="false" isSetter="false">
              <Summary numSequencePoints="24" visitedSequencePoints="10" numBranchPoints="0" visitedBranchPoints="0" sequenceCoverage="41.67" branchCoverage="0" maxCyclomaticComplexity="0" minCyclomaticComplexity="0" maxCrapScore="0" minCrapScore="0" visitedClasses="0" numClasses="0" visitedMethods="1" numMethods="1" />
              <MetadataToken>100663323</MetadataToken>
              <Name>System.Void PlayerMovement::MovementAnimation()</Name>
              <FileRef uid="15" />
              <SequencePoints>
                <SequencePoint vc="10" uspid="1189" ordinal="0" offset="0" sl="53" sc="5" el="53" ec="5" bec="0" bev="0" fileid="15" />
                <SequencePoint vc="10" uspid="1190" ordinal="0" offset="1" sl="55" sc="9" el="55" ec="9" bec="0" bev="0" fileid="15" />
                <SequencePoint vc="0" uspid="1191" ordinal="0" offset="18" sl="56" sc="9" el="56" ec="9" bec="0" bev="0" fileid="15" />
                <SequencePoint vc="0" uspid="1192" ordinal="0" offset="19" sl="57" sc="13" el="57" ec="13" bec="0" bev="0" fileid="15" />
                <SequencePoint vc="0" uspid="1193" ordinal="0" offset="21" sl="58" sc="13" el="58" ec="13" bec="0" bev="0" fileid="15" />
                <SequencePoint vc="0" uspid="1194" ordinal="0" offset="34" sl="59" sc="9" el="59" ec="9" bec="0" bev="0" fileid="15" />
                <SequencePoint vc="10" uspid="1195" ordinal="0" offset="37" sl="60" sc="14" el="60" ec="14" bec="0" bev="0" fileid="15" />
                <SequencePoint vc="0" uspid="1196" ordinal="0" offset="54" sl="61" sc="9" el="61" ec="9" bec="0" bev="0" fileid="15" />
                <SequencePoint vc="0" uspid="1197" ordinal="0" offset="55" sl="62" sc="13" el="62" ec="13" bec="0" bev="0" fileid="15" />
                <SequencePoint vc="0" uspid="1198" ordinal="0" offset="57" sl="63" sc="13" el="63" ec="13" bec="0" bev="0" fileid="15" />
                <SequencePoint vc="0" uspid="1199" ordinal="0" offset="70" sl="64" sc="9" el="64" ec="9" bec="0" bev="0" fileid="15" />
                <SequencePoint vc="10" uspid="1200" ordinal="0" offset="73" sl="66" sc="9" el="66" ec="9" bec="0" bev="0" fileid="15" />
                <SequencePoint vc="10" uspid="1201" ordinal="0" offset="74" sl="67" sc="13" el="67" ec="13" bec="0" bev="0" fileid="15" />
                <SequencePoint vc="10" uspid="1202" ordinal="0" offset="76" sl="68" sc="9" el="68" ec="9" bec="0" bev="0" fileid="15" />
                <SequencePoint vc="10" uspid="1203" ordinal="0" offset="77" sl="69" sc="9" el="69" ec="9" bec="0" bev="0" fileid="15" />
                <SequencePoint vc="0" uspid="1204" ordinal="0" offset="104" sl="70" sc="9" el="70" ec="9" bec="0" bev="0" fileid="15" />
                <SequencePoint vc="0" uspid="1205" ordinal="0" offset="105" sl="71" sc="13" el="71" ec="13" bec="0" bev="0" fileid="15" />
                <SequencePoint vc="0" uspid="1206" ordinal="0" offset="107" sl="72" sc="9" el="72" ec="9" bec="0" bev="0" fileid="15" />
                <SequencePoint vc="10" uspid="1207" ordinal="0" offset="110" sl="73" sc="14" el="73" ec="14" bec="0" bev="0" fileid="15" />
                <SequencePoint vc="0" uspid="1208" ordinal="0" offset="139" sl="74" sc="9" el="74" ec="9" bec="0" bev="0" fileid="15" />
                <SequencePoint vc="0" uspid="1209" ordinal="0" offset="140" sl="75" sc="13" el="75" ec="13" bec="0" bev="0" fileid="15" />
                <SequencePoint vc="0" uspid="1210" ordinal="0" offset="142" sl="76" sc="9" el="76" ec="9" bec="0" bev="0" fileid="15" />
                <SequencePoint vc="10" uspid="1211" ordinal="0" offset="143" sl="77" sc="9" el="77" ec="9" bec="0" bev="0" fileid="15" />
                <SequencePoint vc="10" uspid="1212" ordinal="0" offset="161" sl="78" sc="5" el="78" ec="5" bec="0" bev="0" fileid="15" />
              </SequencePoints>
              <BranchPoints />
            </Method>
            <Method visited="true" cyclomaticComplexity="0" nPathComplexity="0" sequenceCoverage="100.0" branchCoverage="0" crapScore="0" isConstructor="true" isStatic="false" isGetter="false" isSetter="false">
              <Summary numSequencePoints="3" visitedSequencePoints="3" numBranchPoints="0" visitedBranchPoints="0" sequenceCoverage="100.0" branchCoverage="0" maxCyclomaticComplexity="0" minCyclomaticComplexity="0" maxCrapScore="0" minCrapScore="0" visitedClasses="0" numClasses="0" visitedMethods="1" numMethods="1" />
              <MetadataToken>100663325</MetadataToken>
              <Name>PlayerMovement::PlayerMovement()</Name>
              <FileRef uid="15" />
              <SequencePoints>
                <SequencePoint vc="10" uspid="1216" ordinal="0" offset="0" sl="13" sc="5" el="13" ec="5" bec="0" bev="0" fileid="15" />
                <SequencePoint vc="10" uspid="1217" ordinal="0" offset="11" sl="14" sc="22" el="14" ec="22" bec="0" bev="0" fileid="15" />
                <SequencePoint vc="10" uspid="1218" ordinal="0" offset="22" sl="15" sc="22" el="15" ec="22" bec="0" bev="0" fileid="15" />
              </SequencePoints>
              <BranchPoints />
            </Method>
          </Methods>
        </Class>
        <Class>
          <Summary numSequencePoints="6" visitedSequencePoints="3" numBranchPoints="0" visitedBranchPoints="0" sequenceCoverage="50.00" branchCoverage="0.0" maxCyclomaticComplexity="0" minCyclomaticComplexity="0" maxCrapScore="0" minCrapScore="0" visitedClasses="1" numClasses="1" visitedMethods="1" numMethods="1" />
          <FullName>GameController/&lt;Respawn&gt;d__11</FullName>
          <Methods>
            <Method visited="true" cyclomaticComplexity="0" nPathComplexity="0" sequenceCoverage="50.00" branchCoverage="0" crapScore="0" isConstructor="false" isStatic="false" isGetter="false" isSetter="false">
              <Summary numSequencePoints="6" visitedSequencePoints="3" numBranchPoints="0" visitedBranchPoints="0" sequenceCoverage="50.00" branchCoverage="0" maxCyclomaticComplexity="0" minCyclomaticComplexity="0" maxCrapScore="0" minCrapScore="0" visitedClasses="0" numClasses="0" visitedMethods="1" numMethods="1" />
              <MetadataToken>100663336</MetadataToken>
              <Name>System.Boolean GameController/&lt;Respawn&gt;d__11::MoveNext()</Name>
              <FileRef uid="11" />
              <SequencePoints>
                <SequencePoint vc="1" uspid="1228" ordinal="0" offset="31" sl="53" sc="5" el="53" ec="5" bec="0" bev="0" fileid="11" />
                <SequencePoint vc="1" uspid="1229" ordinal="0" offset="32" sl="54" sc="9" el="54" ec="9" bec="0" bev="0" fileid="11" />
                <SequencePoint vc="1" uspid="1230" ordinal="0" offset="50" sl="55" sc="9" el="55" ec="9" bec="0" bev="0" fileid="11" />
                <SequencePoint vc="0" uspid="1231" ordinal="0" offset="83" sl="56" sc="9" el="56" ec="9" bec="0" bev="0" fileid="11" />
                <SequencePoint vc="0" uspid="1232" ordinal="0" offset="116" sl="57" sc="9" el="57" ec="9" bec="0" bev="0" fileid="11" />
                <SequencePoint vc="0" uspid="1233" ordinal="0" offset="134" sl="58" sc="5" el="58" ec="5" bec="0" bev="0" fileid="11" />
              </SequencePoints>
              <BranchPoints />
            </Method>
          </Methods>
        </Class>
      </Classes>
    </Module>
    <Module>
      <Summary numSequencePoints="107" visitedSequencePoints="96" numBranchPoints="0" visitedBranchPoints="0" sequenceCoverage="89.72" branchCoverage="0.0" maxCyclomaticComplexity="0" minCyclomaticComplexity="0" maxCrapScore="0" minCrapScore="0" visitedClasses="7" numClasses="7" visitedMethods="15" numMethods="15" />
      <ModuleTime>0001-01-01T00:00:00</ModuleTime>
      <ModuleName>PlayMode</ModuleName>
      <Files>
        <File uid="18" fullPath="C:/Users/Vartotojas/Documents/bezdioniu kylimas/BezdioniuKylimas/Assets/Tests/PlayMode/Movement.cs" />
      </Files>
      <Classes>
        <Class>
          <Summary numSequencePoints="29" visitedSequencePoints="27" numBranchPoints="0" visitedBranchPoints="0" sequenceCoverage="93.10" branchCoverage="0.0" maxCyclomaticComplexity="0" minCyclomaticComplexity="0" maxCrapScore="0" minCrapScore="0" visitedClasses="1" numClasses="1" visitedMethods="3" numMethods="3" />
          <FullName>GameControllerTests</FullName>
          <Methods>
            <Method visited="true" cyclomaticComplexity="0" nPathComplexity="0" sequenceCoverage="81.82" branchCoverage="0" crapScore="0" isConstructor="false" isStatic="false" isGetter="false" isSetter="false">
              <Summary numSequencePoints="11" visitedSequencePoints="9" numBranchPoints="0" visitedBranchPoints="0" sequenceCoverage="81.82" branchCoverage="0" maxCyclomaticComplexity="0" minCyclomaticComplexity="0" maxCrapScore="0" minCrapScore="0" visitedClasses="0" numClasses="0" visitedMethods="1" numMethods="1" />
              <MetadataToken>100663297</MetadataToken>
              <Name>System.Void GameControllerTests::DieTest()</Name>
              <FileRef uid="18" />
              <SequencePoints>
                <SequencePoint vc="1" uspid="1234" ordinal="0" offset="0" sl="14" sc="5" el="14" ec="5" bec="0" bev="0" fileid="18" />
                <SequencePoint vc="1" uspid="1235" ordinal="0" offset="1" sl="16" sc="9" el="16" ec="9" bec="0" bev="0" fileid="18" />
                <SequencePoint vc="1" uspid="1236" ordinal="0" offset="7" sl="17" sc="9" el="17" ec="9" bec="0" bev="0" fileid="18" />
                <SequencePoint vc="1" uspid="1237" ordinal="0" offset="14" sl="18" sc="9" el="18" ec="9" bec="0" bev="0" fileid="18" />
                <SequencePoint vc="1" uspid="1238" ordinal="0" offset="21" sl="21" sc="9" el="21" ec="9" bec="0" bev="0" fileid="18" />
                <SequencePoint vc="1" uspid="1239" ordinal="0" offset="32" sl="24" sc="9" el="24" ec="9" bec="0" bev="0" fileid="18" />
                <SequencePoint vc="1" uspid="1240" ordinal="0" offset="38" sl="27" sc="9" el="27" ec="9" bec="0" bev="0" fileid="18" />
                <SequencePoint vc="1" uspid="1241" ordinal="0" offset="45" sl="30" sc="9" el="30" ec="9" bec="0" bev="0" fileid="18" />
                <SequencePoint vc="1" uspid="1242" ordinal="0" offset="68" sl="31" sc="9" el="31" ec="9" bec="0" bev="0" fileid="18" />
                <SequencePoint vc="0" uspid="1243" ordinal="0" offset="107" sl="32" sc="9" el="32" ec="9" bec="0" bev="0" fileid="18" />
                <SequencePoint vc="0" uspid="1244" ordinal="0" offset="137" sl="33" sc="5" el="33" ec="5" bec="0" bev="0" fileid="18" />
              </SequencePoints>
              <BranchPoints />
            </Method>
            <Method visited="true" cyclomaticComplexity="0" nPathComplexity="0" sequenceCoverage="100.0" branchCoverage="0" crapScore="0" isConstructor="false" isStatic="false" isGetter="false" isSetter="false">
              <Summary numSequencePoints="9" visitedSequencePoints="9" numBranchPoints="0" visitedBranchPoints="0" sequenceCoverage="100.0" branchCoverage="0" maxCyclomaticComplexity="0" minCyclomaticComplexity="0" maxCrapScore="0" minCrapScore="0" visitedClasses="0" numClasses="0" visitedMethods="1" numMethods="1" />
              <MetadataToken>100663298</MetadataToken>
              <Name>System.Void GameControllerTests::PauseGameTest()</Name>
              <FileRef uid="18" />
              <SequencePoints>
                <SequencePoint vc="1" uspid="1245" ordinal="0" offset="0" sl="37" sc="5" el="37" ec="5" bec="0" bev="0" fileid="18" />
                <SequencePoint vc="1" uspid="1246" ordinal="0" offset="1" sl="38" sc="9" el="38" ec="9" bec="0" bev="0" fileid="18" />
                <SequencePoint vc="1" uspid="1247" ordinal="0" offset="7" sl="39" sc="9" el="39" ec="9" bec="0" bev="0" fileid="18" />
                <SequencePoint vc="1" uspid="1248" ordinal="0" offset="14" sl="41" sc="9" el="41" ec="9" bec="0" bev="0" fileid="18" />
                <SequencePoint vc="1" uspid="1249" ordinal="0" offset="20" sl="42" sc="9" el="42" ec="9" bec="0" bev="0" fileid="18" />
                <SequencePoint vc="1" uspid="1250" ordinal="0" offset="27" sl="45" sc="9" el="45" ec="9" bec="0" bev="0" fileid="18" />
                <SequencePoint vc="1" uspid="1251" ordinal="0" offset="34" sl="48" sc="9" el="48" ec="9" bec="0" bev="0" fileid="18" />
                <SequencePoint vc="1" uspid="1252" ordinal="0" offset="56" sl="49" sc="9" el="49" ec="9" bec="0" bev="0" fileid="18" />
                <SequencePoint vc="1" uspid="1253" ordinal="0" offset="78" sl="50" sc="5" el="50" ec="5" bec="0" bev="0" fileid="18" />
              </SequencePoints>
              <BranchPoints />
            </Method>
            <Method visited="true" cyclomaticComplexity="0" nPathComplexity="0" sequenceCoverage="100.0" branchCoverage="0" crapScore="0" isConstructor="false" isStatic="false" isGetter="false" isSetter="false">
              <Summary numSequencePoints="9" visitedSequencePoints="9" numBranchPoints="0" visitedBranchPoints="0" sequenceCoverage="100.0" branchCoverage="0" maxCyclomaticComplexity="0" minCyclomaticComplexity="0" maxCrapScore="0" minCrapScore="0" visitedClasses="0" numClasses="0" visitedMethods="1" numMethods="1" />
              <MetadataToken>100663299</MetadataToken>
              <Name>System.Void GameControllerTests::ResumeGameTest()</Name>
              <FileRef uid="18" />
              <SequencePoints>
                <SequencePoint vc="1" uspid="1254" ordinal="0" offset="0" sl="54" sc="5" el="54" ec="5" bec="0" bev="0" fileid="18" />
                <SequencePoint vc="1" uspid="1255" ordinal="0" offset="1" sl="55" sc="9" el="55" ec="9" bec="0" bev="0" fileid="18" />
                <SequencePoint vc="1" uspid="1256" ordinal="0" offset="7" sl="56" sc="9" el="56" ec="9" bec="0" bev="0" fileid="18" />
                <SequencePoint vc="1" uspid="1257" ordinal="0" offset="14" sl="58" sc="9" el="58" ec="9" bec="0" bev="0" fileid="18" />
                <SequencePoint vc="1" uspid="1258" ordinal="0" offset="20" sl="59" sc="9" el="59" ec="9" bec="0" bev="0" fileid="18" />
                <SequencePoint vc="1" uspid="1259" ordinal="0" offset="27" sl="62" sc="9" el="62" ec="9" bec="0" bev="0" fileid="18" />
                <SequencePoint vc="1" uspid="1260" ordinal="0" offset="34" sl="65" sc="9" el="65" ec="9" bec="0" bev="0" fileid="18" />
                <SequencePoint vc="1" uspid="1261" ordinal="0" offset="56" sl="66" sc="9" el="66" ec="9" bec="0" bev="0" fileid="18" />
                <SequencePoint vc="1" uspid="1262" ordinal="0" offset="78" sl="67" sc="5" el="67" ec="5" bec="0" bev="0" fileid="18" />
              </SequencePoints>
              <BranchPoints />
            </Method>
          </Methods>
        </Class>
        <Class>
          <Summary numSequencePoints="24" visitedSequencePoints="24" numBranchPoints="0" visitedBranchPoints="0" sequenceCoverage="100.0" branchCoverage="0.0" maxCyclomaticComplexity="0" minCyclomaticComplexity="0" maxCrapScore="0" minCrapScore="0" visitedClasses="1" numClasses="1" visitedMethods="5" numMethods="5" />
          <FullName>AnimationTests</FullName>
          <Methods>
            <Method visited="true" cyclomaticComplexity="0" nPathComplexity="0" sequenceCoverage="100.0" branchCoverage="0" crapScore="0" isConstructor="false" isStatic="false" isGetter="false" isSetter="false">
              <Summary numSequencePoints="4" visitedSequencePoints="4" numBranchPoints="0" visitedBranchPoints="0" sequenceCoverage="100.0" branchCoverage="0" maxCyclomaticComplexity="0" minCyclomaticComplexity="0" maxCrapScore="0" minCrapScore="0" visitedClasses="0" numClasses="0" visitedMethods="1" numMethods="1" />
              <MetadataToken>100663301</MetadataToken>
              <Name>System.Void AnimationTests::SetUp()</Name>
              <FileRef uid="18" />
              <SequencePoints>
                <SequencePoint vc="4" uspid="1263" ordinal="0" offset="0" sl="76" sc="5" el="76" ec="5" bec="0" bev="0" fileid="18" />
                <SequencePoint vc="4" uspid="1264" ordinal="0" offset="1" sl="78" sc="9" el="78" ec="9" bec="0" bev="0" fileid="18" />
                <SequencePoint vc="4" uspid="1265" ordinal="0" offset="12" sl="81" sc="9" el="81" ec="9" bec="0" bev="0" fileid="18" />
                <SequencePoint vc="4" uspid="1266" ordinal="0" offset="28" sl="84" sc="5" el="84" ec="5" bec="0" bev="0" fileid="18" />
              </SequencePoints>
              <BranchPoints />
            </Method>
            <Method visited="true" cyclomaticComplexity="0" nPathComplexity="0" sequenceCoverage="100.0" branchCoverage="0" crapScore="0" isConstructor="false" isStatic="false" isGetter="false" isSetter="false">
              <Summary numSequencePoints="5" visitedSequencePoints="5" numBranchPoints="0" visitedBranchPoints="0" sequenceCoverage="100.0" branchCoverage="0" maxCyclomaticComplexity="0" minCyclomaticComplexity="0" maxCrapScore="0" minCrapScore="0" visitedClasses="0" numClasses="0" visitedMethods="1" numMethods="1" />
              <MetadataToken>100663302</MetadataToken>
              <Name>System.Void AnimationTests::IdleStateTest()</Name>
              <FileRef uid="18" />
              <SequencePoints>
                <SequencePoint vc="1" uspid="1267" ordinal="0" offset="0" sl="87" sc="5" el="87" ec="5" bec="0" bev="0" fileid="18" />
                <SequencePoint vc="1" uspid="1268" ordinal="0" offset="1" sl="89" sc="9" el="89" ec="9" bec="0" bev="0" fileid="18" />
                <SequencePoint vc="1" uspid="1269" ordinal="0" offset="7" sl="92" sc="9" el="92" ec="9" bec="0" bev="0" fileid="18" />
                <SequencePoint vc="1" uspid="1270" ordinal="0" offset="24" sl="95" sc="9" el="95" ec="9" bec="0" bev="0" fileid="18" />
                <SequencePoint vc="1" uspid="1271" ordinal="0" offset="47" sl="96" sc="5" el="96" ec="5" bec="0" bev="0" fileid="18" />
              </SequencePoints>
              <BranchPoints />
            </Method>
            <Method visited="true" cyclomaticComplexity="0" nPathComplexity="0" sequenceCoverage="100.0" branchCoverage="0" crapScore="0" isConstructor="false" isStatic="false" isGetter="false" isSetter="false">
              <Summary numSequencePoints="5" visitedSequencePoints="5" numBranchPoints="0" visitedBranchPoints="0" sequenceCoverage="100.0" branchCoverage="0" maxCyclomaticComplexity="0" minCyclomaticComplexity="0" maxCrapScore="0" minCrapScore="0" visitedClasses="0" numClasses="0" visitedMethods="1" numMethods="1" />
              <MetadataToken>100663303</MetadataToken>
              <Name>System.Void AnimationTests::RunStateTest()</Name>
              <FileRef uid="18" />
              <SequencePoints>
                <SequencePoint vc="1" uspid="1272" ordinal="0" offset="0" sl="100" sc="5" el="100" ec="5" bec="0" bev="0" fileid="18" />
                <SequencePoint vc="1" uspid="1273" ordinal="0" offset="1" sl="102" sc="9" el="102" ec="9" bec="0" bev="0" fileid="18" />
                <SequencePoint vc="1" uspid="1274" ordinal="0" offset="7" sl="105" sc="9" el="105" ec="9" bec="0" bev="0" fileid="18" />
                <SequencePoint vc="1" uspid="1275" ordinal="0" offset="24" sl="108" sc="9" el="108" ec="9" bec="0" bev="0" fileid="18" />
                <SequencePoint vc="1" uspid="1276" ordinal="0" offset="47" sl="109" sc="5" el="109" ec="5" bec="0" bev="0" fileid="18" />
              </SequencePoints>
              <BranchPoints />
            </Method>
            <Method visited="true" cyclomaticComplexity="0" nPathComplexity="0" sequenceCoverage="100.0" branchCoverage="0" crapScore="0" isConstructor="false" isStatic="false" isGetter="false" isSetter="false">
              <Summary numSequencePoints="5" visitedSequencePoints="5" numBranchPoints="0" visitedBranchPoints="0" sequenceCoverage="100.0" branchCoverage="0" maxCyclomaticComplexity="0" minCyclomaticComplexity="0" maxCrapScore="0" minCrapScore="0" visitedClasses="0" numClasses="0" visitedMethods="1" numMethods="1" />
              <MetadataToken>100663304</MetadataToken>
              <Name>System.Void AnimationTests::JumpStateTest()</Name>
              <FileRef uid="18" />
              <SequencePoints>
                <SequencePoint vc="1" uspid="1277" ordinal="0" offset="0" sl="113" sc="5" el="113" ec="5" bec="0" bev="0" fileid="18" />
                <SequencePoint vc="1" uspid="1278" ordinal="0" offset="1" sl="115" sc="9" el="115" ec="9" bec="0" bev="0" fileid="18" />
                <SequencePoint vc="1" uspid="1279" ordinal="0" offset="7" sl="118" sc="9" el="118" ec="9" bec="0" bev="0" fileid="18" />
                <SequencePoint vc="1" uspid="1280" ordinal="0" offset="24" sl="121" sc="9" el="121" ec="9" bec="0" bev="0" fileid="18" />
                <SequencePoint vc="1" uspid="1281" ordinal="0" offset="47" sl="122" sc="5" el="122" ec="5" bec="0" bev="0" fileid="18" />
              </SequencePoints>
              <BranchPoints />
            </Method>
            <Method visited="true" cyclomaticComplexity="0" nPathComplexity="0" sequenceCoverage="100.0" branchCoverage="0" crapScore="0" isConstructor="false" isStatic="false" isGetter="false" isSetter="false">
              <Summary numSequencePoints="5" visitedSequencePoints="5" numBranchPoints="0" visitedBranchPoints="0" sequenceCoverage="100.0" branchCoverage="0" maxCyclomaticComplexity="0" minCyclomaticComplexity="0" maxCrapScore="0" minCrapScore="0" visitedClasses="0" numClasses="0" visitedMethods="1" numMethods="1" />
              <MetadataToken>100663305</MetadataToken>
              <Name>System.Void AnimationTests::FallStateTest()</Name>
              <FileRef uid="18" />
              <SequencePoints>
                <SequencePoint vc="1" uspid="1282" ordinal="0" offset="0" sl="126" sc="5" el="126" ec="5" bec="0" bev="0" fileid="18" />
                <SequencePoint vc="1" uspid="1283" ordinal="0" offset="1" sl="128" sc="9" el="128" ec="9" bec="0" bev="0" fileid="18" />
                <SequencePoint vc="1" uspid="1284" ordinal="0" offset="7" sl="131" sc="9" el="131" ec="9" bec="0" bev="0" fileid="18" />
                <SequencePoint vc="1" uspid="1285" ordinal="0" offset="24" sl="134" sc="9" el="134" ec="9" bec="0" bev="0" fileid="18" />
                <SequencePoint vc="1" uspid="1286" ordinal="0" offset="47" sl="135" sc="5" el="135" ec="5" bec="0" bev="0" fileid="18" />
              </SequencePoints>
              <BranchPoints />
            </Method>
          </Methods>
        </Class>
        <Class>
          <Summary numSequencePoints="23" visitedSequencePoints="20" numBranchPoints="0" visitedBranchPoints="0" sequenceCoverage="86.96" branchCoverage="0.0" maxCyclomaticComplexity="0" minCyclomaticComplexity="0" maxCrapScore="0" minCrapScore="0" visitedClasses="1" numClasses="1" visitedMethods="3" numMethods="3" />
          <FullName>MovementAnimationTestObject</FullName>
          <Methods>
            <Method visited="true" cyclomaticComplexity="0" nPathComplexity="0" sequenceCoverage="100.0" branchCoverage="0" crapScore="0" isConstructor="false" isStatic="false" isGetter="true" isSetter="false">
              <Summary numSequencePoints="1" visitedSequencePoints="1" numBranchPoints="0" visitedBranchPoints="0" sequenceCoverage="100.0" branchCoverage="0" maxCyclomaticComplexity="0" minCyclomaticComplexity="0" maxCrapScore="0" minCrapScore="0" visitedClasses="0" numClasses="0" visitedMethods="1" numMethods="1" />
              <MetadataToken>100663307</MetadataToken>
              <Name>MovementAnimationTestObject/MovementState MovementAnimationTestObject::get_CurrentState()</Name>
              <FileRef uid="18" />
              <SequencePoints>
                <SequencePoint vc="4" uspid="1287" ordinal="0" offset="0" sl="148" sc="41" el="148" ec="41" bec="0" bev="0" fileid="18" />
              </SequencePoints>
              <BranchPoints />
            </Method>
            <Method visited="true" cyclomaticComplexity="0" nPathComplexity="0" sequenceCoverage="100.0" branchCoverage="0" crapScore="0" isConstructor="false" isStatic="false" isGetter="false" isSetter="true">
              <Summary numSequencePoints="1" visitedSequencePoints="1" numBranchPoints="0" visitedBranchPoints="0" sequenceCoverage="100.0" branchCoverage="0" maxCyclomaticComplexity="0" minCyclomaticComplexity="0" maxCrapScore="0" minCrapScore="0" visitedClasses="0" numClasses="0" visitedMethods="1" numMethods="1" />
              <MetadataToken>100663308</MetadataToken>
              <Name>System.Void MovementAnimationTestObject::set_CurrentState(MovementAnimationTestObject/MovementState)</Name>
              <FileRef uid="18" />
              <SequencePoints>
                <SequencePoint vc="4" uspid="1288" ordinal="0" offset="0" sl="148" sc="46" el="148" ec="46" bec="0" bev="0" fileid="18" />
              </SequencePoints>
              <BranchPoints />
            </Method>
            <Method visited="true" cyclomaticComplexity="0" nPathComplexity="0" sequenceCoverage="85.71" branchCoverage="0" crapScore="0" isConstructor="false" isStatic="false" isGetter="false" isSetter="false">
              <Summary numSequencePoints="21" visitedSequencePoints="18" numBranchPoints="0" visitedBranchPoints="0" sequenceCoverage="85.71" branchCoverage="0" maxCyclomaticComplexity="0" minCyclomaticComplexity="0" maxCrapScore="0" minCrapScore="0" visitedClasses="0" numClasses="0" visitedMethods="1" numMethods="1" />
              <MetadataToken>100663309</MetadataToken>
              <Name>System.Void MovementAnimationTestObject::UpdateMovementState(System.Single, System.Single)</Name>
              <FileRef uid="18" />
              <SequencePoints>
                <SequencePoint vc="4" uspid="1289" ordinal="0" offset="0" sl="151" sc="5" el="151" ec="5" bec="0" bev="0" fileid="18" />
                <SequencePoint vc="4" uspid="1290" ordinal="0" offset="1" sl="152" sc="9" el="152" ec="9" bec="0" bev="0" fileid="18" />
                <SequencePoint vc="1" uspid="1291" ordinal="0" offset="13" sl="153" sc="9" el="153" ec="9" bec="0" bev="0" fileid="18" />
                <SequencePoint vc="1" uspid="1292" ordinal="0" offset="14" sl="154" sc="13" el="154" ec="13" bec="0" bev="0" fileid="18" />
                <SequencePoint vc="1" uspid="1293" ordinal="0" offset="22" sl="155" sc="9" el="155" ec="9" bec="0" bev="0" fileid="18" />
                <SequencePoint vc="3" uspid="1294" ordinal="0" offset="25" sl="156" sc="14" el="156" ec="14" bec="0" bev="0" fileid="18" />
                <SequencePoint vc="0" uspid="1295" ordinal="0" offset="37" sl="157" sc="9" el="157" ec="9" bec="0" bev="0" fileid="18" />
                <SequencePoint vc="0" uspid="1296" ordinal="0" offset="38" sl="158" sc="13" el="158" ec="13" bec="0" bev="0" fileid="18" />
                <SequencePoint vc="0" uspid="1297" ordinal="0" offset="46" sl="159" sc="9" el="159" ec="9" bec="0" bev="0" fileid="18" />
                <SequencePoint vc="3" uspid="1298" ordinal="0" offset="49" sl="160" sc="14" el="160" ec="14" bec="0" bev="0" fileid="18" />
                <SequencePoint vc="1" uspid="1299" ordinal="0" offset="61" sl="161" sc="9" el="161" ec="9" bec="0" bev="0" fileid="18" />
                <SequencePoint vc="1" uspid="1300" ordinal="0" offset="62" sl="162" sc="13" el="162" ec="13" bec="0" bev="0" fileid="18" />
                <SequencePoint vc="1" uspid="1301" ordinal="0" offset="70" sl="163" sc="9" el="163" ec="9" bec="0" bev="0" fileid="18" />
                <SequencePoint vc="2" uspid="1302" ordinal="0" offset="73" sl="164" sc="14" el="164" ec="14" bec="0" bev="0" fileid="18" />
                <SequencePoint vc="1" uspid="1303" ordinal="0" offset="85" sl="165" sc="9" el="165" ec="9" bec="0" bev="0" fileid="18" />
                <SequencePoint vc="1" uspid="1304" ordinal="0" offset="86" sl="166" sc="13" el="166" ec="13" bec="0" bev="0" fileid="18" />
                <SequencePoint vc="1" uspid="1305" ordinal="0" offset="94" sl="167" sc="9" el="167" ec="9" bec="0" bev="0" fileid="18" />
                <SequencePoint vc="1" uspid="1306" ordinal="0" offset="97" sl="169" sc="9" el="169" ec="9" bec="0" bev="0" fileid="18" />
                <SequencePoint vc="1" uspid="1307" ordinal="0" offset="98" sl="170" sc="13" el="170" ec="13" bec="0" bev="0" fileid="18" />
                <SequencePoint vc="1" uspid="1308" ordinal="0" offset="106" sl="171" sc="9" el="171" ec="9" bec="0" bev="0" fileid="18" />
                <SequencePoint vc="4" uspid="1309" ordinal="0" offset="107" sl="172" sc="5" el="172" ec="5" bec="0" bev="0" fileid="18" />
              </SequencePoints>
              <BranchPoints />
            </Method>
          </Methods>
        </Class>
        <Class>
          <Summary numSequencePoints="3" visitedSequencePoints="3" numBranchPoints="0" visitedBranchPoints="0" sequenceCoverage="100.0" branchCoverage="0.0" maxCyclomaticComplexity="0" minCyclomaticComplexity="0" maxCrapScore="0" minCrapScore="0" visitedClasses="1" numClasses="1" visitedMethods="1" numMethods="1" />
          <FullName>MovementAnimationTestObject/MovementTests</FullName>
          <Methods>
            <Method visited="true" cyclomaticComplexity="0" nPathComplexity="0" sequenceCoverage="100.0" branchCoverage="0" crapScore="0" isConstructor="false" isStatic="false" isGetter="false" isSetter="false">
              <Summary numSequencePoints="3" visitedSequencePoints="3" numBranchPoints="0" visitedBranchPoints="0" sequenceCoverage="100.0" branchCoverage="0" maxCyclomaticComplexity="0" minCyclomaticComplexity="0" maxCrapScore="0" minCrapScore="0" visitedClasses="0" numClasses="0" visitedMethods="1" numMethods="1" />
              <MetadataToken>100663313</MetadataToken>
              <Name>System.Void MovementAnimationTestObject/MovementTests::SetUp()</Name>
              <FileRef uid="18" />
              <SequencePoints>
                <SequencePoint vc="3" uspid="1310" ordinal="0" offset="0" sl="181" sc="9" el="181" ec="9" bec="0" bev="0" fileid="18" />
                <SequencePoint vc="3" uspid="1311" ordinal="0" offset="1" sl="183" sc="13" el="183" ec="13" bec="0" bev="0" fileid="18" />
                <SequencePoint vc="3" uspid="1312" ordinal="0" offset="12" sl="189" sc="9" el="189" ec="9" bec="0" bev="0" fileid="18" />
              </SequencePoints>
              <BranchPoints />
            </Method>
          </Methods>
        </Class>
        <Class>
          <Summary numSequencePoints="8" visitedSequencePoints="8" numBranchPoints="0" visitedBranchPoints="0" sequenceCoverage="100.0" branchCoverage="0.0" maxCyclomaticComplexity="0" minCyclomaticComplexity="0" maxCrapScore="0" minCrapScore="0" visitedClasses="1" numClasses="1" visitedMethods="1" numMethods="1" />
          <FullName>MovementAnimationTestObject/MovementTests/&lt;Jump_Test&gt;d__6</FullName>
          <Methods>
            <Method visited="true" cyclomaticComplexity="0" nPathComplexity="0" sequenceCoverage="100.0" branchCoverage="0" crapScore="0" isConstructor="false" isStatic="false" isGetter="false" isSetter="false">
              <Summary numSequencePoints="8" visitedSequencePoints="8" numBranchPoints="0" visitedBranchPoints="0" sequenceCoverage="100.0" branchCoverage="0" maxCyclomaticComplexity="0" minCyclomaticComplexity="0" maxCrapScore="0" minCrapScore="0" visitedClasses="0" numClasses="0" visitedMethods="1" numMethods="1" />
              <MetadataToken>100663320</MetadataToken>
              <Name>System.Boolean MovementAnimationTestObject/MovementTests/&lt;Jump_Test&gt;d__6::MoveNext()</Name>
              <FileRef uid="18" />
              <SequencePoints>
                <SequencePoint vc="1" uspid="1313" ordinal="0" offset="31" sl="227" sc="9" el="227" ec="9" bec="0" bev="0" fileid="18" />
                <SequencePoint vc="1" uspid="1314" ordinal="0" offset="32" sl="228" sc="13" el="228" ec="13" bec="0" bev="0" fileid="18" />
                <SequencePoint vc="1" uspid="1315" ordinal="0" offset="53" sl="229" sc="13" el="229" ec="13" bec="0" bev="0" fileid="18" />
                <SequencePoint vc="1" uspid="1316" ordinal="0" offset="80" sl="230" sc="13" el="230" ec="13" bec="0" bev="0" fileid="18" />
                <SequencePoint vc="1" uspid="1317" ordinal="0" offset="107" sl="239" sc="13" el="239" ec="13" bec="0" bev="0" fileid="18" />
                <SequencePoint vc="1" uspid="1318" ordinal="0" offset="124" sl="240" sc="13" el="240" ec="13" bec="0" bev="0" fileid="18" />
                <SequencePoint vc="1" uspid="1319" ordinal="0" offset="147" sl="242" sc="13" el="242" ec="13" bec="0" bev="0" fileid="18" />
                <SequencePoint vc="1" uspid="1320" ordinal="0" offset="215" sl="243" sc="9" el="243" ec="9" bec="0" bev="0" fileid="18" />
              </SequencePoints>
              <BranchPoints />
            </Method>
          </Methods>
        </Class>
        <Class>
          <Summary numSequencePoints="10" visitedSequencePoints="7" numBranchPoints="0" visitedBranchPoints="0" sequenceCoverage="70.00" branchCoverage="0.0" maxCyclomaticComplexity="0" minCyclomaticComplexity="0" maxCrapScore="0" minCrapScore="0" visitedClasses="1" numClasses="1" visitedMethods="1" numMethods="1" />
          <FullName>MovementAnimationTestObject/MovementTests/&lt;MoveLeft&gt;d__4</FullName>
          <Methods>
            <Method visited="true" cyclomaticComplexity="0" nPathComplexity="0" sequenceCoverage="70.00" branchCoverage="0" crapScore="0" isConstructor="false" isStatic="false" isGetter="false" isSetter="false">
              <Summary numSequencePoints="10" visitedSequencePoints="7" numBranchPoints="0" visitedBranchPoints="0" sequenceCoverage="70.00" branchCoverage="0" maxCyclomaticComplexity="0" minCyclomaticComplexity="0" maxCrapScore="0" minCrapScore="0" visitedClasses="0" numClasses="0" visitedMethods="1" numMethods="1" />
              <MetadataToken>100663326</MetadataToken>
              <Name>System.Boolean MovementAnimationTestObject/MovementTests/&lt;MoveLeft&gt;d__4::MoveNext()</Name>
              <FileRef uid="18" />
              <SequencePoints>
                <SequencePoint vc="1" uspid="1321" ordinal="0" offset="34" sl="192" sc="9" el="192" ec="9" bec="0" bev="0" fileid="18" />
                <SequencePoint vc="1" uspid="1322" ordinal="0" offset="35" sl="193" sc="13" el="193" ec="13" bec="0" bev="0" fileid="18" />
                <SequencePoint vc="1" uspid="1323" ordinal="0" offset="56" sl="194" sc="13" el="194" ec="13" bec="0" bev="0" fileid="18" />
                <SequencePoint vc="1" uspid="1324" ordinal="0" offset="83" sl="195" sc="13" el="195" ec="13" bec="0" bev="0" fileid="18" />
                <SequencePoint vc="1" uspid="1325" ordinal="0" offset="110" sl="197" sc="13" el="197" ec="13" bec="0" bev="0" fileid="18" />
                <SequencePoint vc="1" uspid="1326" ordinal="0" offset="121" sl="199" sc="13" el="199" ec="13" bec="0" bev="0" fileid="18" />
                <SequencePoint vc="1" uspid="1327" ordinal="0" offset="142" sl="200" sc="13" el="200" ec="13" bec="0" bev="0" fileid="18" />
                <SequencePoint vc="0" uspid="1328" ordinal="0" offset="159" sl="203" sc="13" el="203" ec="13" bec="0" bev="0" fileid="18" />
                <SequencePoint vc="0" uspid="1329" ordinal="0" offset="182" sl="206" sc="13" el="206" ec="13" bec="0" bev="0" fileid="18" />
                <SequencePoint vc="0" uspid="1330" ordinal="0" offset="252" sl="207" sc="9" el="207" ec="9" bec="0" bev="0" fileid="18" />
              </SequencePoints>
              <BranchPoints />
            </Method>
          </Methods>
        </Class>
        <Class>
          <Summary numSequencePoints="10" visitedSequencePoints="7" numBranchPoints="0" visitedBranchPoints="0" sequenceCoverage="70.00" branchCoverage="0.0" maxCyclomaticComplexity="0" minCyclomaticComplexity="0" maxCrapScore="0" minCrapScore="0" visitedClasses="1" numClasses="1" visitedMethods="1" numMethods="1" />
          <FullName>MovementAnimationTestObject/MovementTests/&lt;MoveRight&gt;d__5</FullName>
          <Methods>
            <Method visited="true" cyclomaticComplexity="0" nPathComplexity="0" sequenceCoverage="70.00" branchCoverage="0" crapScore="0" isConstructor="false" isStatic="false" isGetter="false" isSetter="false">
              <Summary numSequencePoints="10" visitedSequencePoints="7" numBranchPoints="0" visitedBranchPoints="0" sequenceCoverage="70.00" branchCoverage="0" maxCyclomaticComplexity="0" minCyclomaticComplexity="0" maxCrapScore="0" minCrapScore="0" visitedClasses="0" numClasses="0" visitedMethods="1" numMethods="1" />
              <MetadataToken>100663332</MetadataToken>
              <Name>System.Boolean MovementAnimationTestObject/MovementTests/&lt;MoveRight&gt;d__5::MoveNext()</Name>
              <FileRef uid="18" />
              <SequencePoints>
                <SequencePoint vc="1" uspid="1331" ordinal="0" offset="34" sl="210" sc="9" el="210" ec="9" bec="0" bev="0" fileid="18" />
                <SequencePoint vc="1" uspid="1332" ordinal="0" offset="35" sl="211" sc="13" el="211" ec="13" bec="0" bev="0" fileid="18" />
                <SequencePoint vc="1" uspid="1333" ordinal="0" offset="56" sl="212" sc="13" el="212" ec="13" bec="0" bev="0" fileid="18" />
                <SequencePoint vc="1" uspid="1334" ordinal="0" offset="83" sl="213" sc="13" el="213" ec="13" bec="0" bev="0" fileid="18" />
                <SequencePoint vc="1" uspid="1335" ordinal="0" offset="110" sl="215" sc="13" el="215" ec="13" bec="0" bev="0" fileid="18" />
                <SequencePoint vc="1" uspid="1336" ordinal="0" offset="121" sl="216" sc="13" el="216" ec="13" bec="0" bev="0" fileid="18" />
                <SequencePoint vc="1" uspid="1337" ordinal="0" offset="142" sl="217" sc="13" el="217" ec="13" bec="0" bev="0" fileid="18" />
                <SequencePoint vc="0" uspid="1338" ordinal="0" offset="159" sl="220" sc="13" el="220" ec="13" bec="0" bev="0" fileid="18" />
                <SequencePoint vc="0" uspid="1339" ordinal="0" offset="182" sl="223" sc="13" el="223" ec="13" bec="0" bev="0" fileid="18" />
                <SequencePoint vc="0" uspid="1340" ordinal="0" offset="251" sl="224" sc="9" el="224" ec="9" bec="0" bev="0" fileid="18" />
              </SequencePoints>
              <BranchPoints />
            </Method>
          </Methods>
        </Class>
      </Classes>
    </Module>
  </Modules>
</CoverageSession>