<?xml version="1.0" encoding="utf-8"?>
<CoverageSession xmlns:xsd="http://www.w3.org/2001/XMLSchema" xmlns:xsi="http://www.w3.org/2001/XMLSchema-instance" Version="0.0.0.0">
  <Summary numSequencePoints="184" visitedSequencePoints="146" numBranchPoints="0" visitedBranchPoints="0" sequenceCoverage="79.35" branchCoverage="0.0" maxCyclomaticComplexity="0" minCyclomaticComplexity="0" maxCrapScore="0" minCrapScore="0" visitedClasses="11" numClasses="11" visitedMethods="29" numMethods="29" />
  <Modules>
    <Module>
      <Summary numSequencePoints="78" visitedSequencePoints="55" numBranchPoints="0" visitedBranchPoints="0" sequenceCoverage="70.51" branchCoverage="0.0" maxCyclomaticComplexity="0" minCyclomaticComplexity="0" maxCrapScore="0" minCrapScore="0" visitedClasses="4" numClasses="4" visitedMethods="14" numMethods="14" />
      <ModuleTime>0001-01-01T00:00:00</ModuleTime>
      <ModuleName>NewAssembly</ModuleName>
      <Files>
        <File uid="8" fullPath="C:/Users/Vartotojas/Documents/bezdioniu kylimas/BezdioniuKylimas/Assets/scripts/CameraControl.cs" />
        <File uid="9" fullPath="C:/Users/Vartotojas/Documents/bezdioniu kylimas/BezdioniuKylimas/Assets/scripts/GameController.cs" />
        <File uid="10" fullPath="C:/Users/Vartotojas/Documents/bezdioniu kylimas/BezdioniuKylimas/Assets/scripts/Pause.cs" />
        <File uid="11" fullPath="C:/Users/Vartotojas/Documents/bezdioniu kylimas/BezdioniuKylimas/Assets/scripts/PlayerMovement.cs" />
        <File uid="12" fullPath="C:/Users/Vartotojas/Documents/bezdioniu kylimas/BezdioniuKylimas/Assets/scripts/QuitMenu.cs" />
        <File uid="13" fullPath="C:/Users/Vartotojas/Documents/bezdioniu kylimas/BezdioniuKylimas/Assets/scripts/StartMenu.cs" />
      </Files>
      <Classes>
        <Class>
          <Summary numSequencePoints="5" visitedSequencePoints="5" numBranchPoints="0" visitedBranchPoints="0" sequenceCoverage="100.0" branchCoverage="0.0" maxCyclomaticComplexity="0" minCyclomaticComplexity="0" maxCrapScore="0" minCrapScore="0" visitedClasses="1" numClasses="1" visitedMethods="2" numMethods="2" />
          <FullName>CameraControl</FullName>
          <Methods>
            <Method visited="true" cyclomaticComplexity="0" nPathComplexity="0" sequenceCoverage="100.0" branchCoverage="0" crapScore="0" isConstructor="false" isStatic="false" isGetter="false" isSetter="false">
              <Summary numSequencePoints="2" visitedSequencePoints="2" numBranchPoints="0" visitedBranchPoints="0" sequenceCoverage="100.0" branchCoverage="0" maxCyclomaticComplexity="0" minCyclomaticComplexity="0" maxCrapScore="0" minCrapScore="0" visitedClasses="0" numClasses="0" visitedMethods="1" numMethods="1" />
              <MetadataToken>100663297</MetadataToken>
              <Name>System.Void CameraControl::Start()</Name>
              <FileRef uid="8" />
              <SequencePoints>
                <SequencePoint vc="4" uspid="896" ordinal="0" offset="0" sl="10" sc="5" el="10" ec="5" bec="0" bev="0" fileid="8" />
                <SequencePoint vc="4" uspid="897" ordinal="0" offset="1" sl="12" sc="5" el="12" ec="5" bec="0" bev="0" fileid="8" />
              </SequencePoints>
              <BranchPoints />
            </Method>
            <Method visited="true" cyclomaticComplexity="0" nPathComplexity="0" sequenceCoverage="100.0" branchCoverage="0" crapScore="0" isConstructor="false" isStatic="false" isGetter="false" isSetter="false">
              <Summary numSequencePoints="3" visitedSequencePoints="3" numBranchPoints="0" visitedBranchPoints="0" sequenceCoverage="100.0" branchCoverage="0" maxCyclomaticComplexity="0" minCyclomaticComplexity="0" maxCrapScore="0" minCrapScore="0" visitedClasses="0" numClasses="0" visitedMethods="1" numMethods="1" />
              <MetadataToken>100663298</MetadataToken>
              <Name>System.Void CameraControl::Update()</Name>
              <FileRef uid="8" />
              <SequencePoints>
                <SequencePoint vc="9" uspid="898" ordinal="0" offset="0" sl="16" sc="5" el="16" ec="5" bec="0" bev="0" fileid="8" />
                <SequencePoint vc="9" uspid="899" ordinal="0" offset="1" sl="17" sc="9" el="17" ec="9" bec="0" bev="0" fileid="8" />
                <SequencePoint vc="9" uspid="900" ordinal="0" offset="66" sl="18" sc="5" el="18" ec="5" bec="0" bev="0" fileid="8" />
              </SequencePoints>
              <BranchPoints />
            </Method>
          </Methods>
        </Class>
        <Class>
          <Summary numSequencePoints="19" visitedSequencePoints="19" numBranchPoints="0" visitedBranchPoints="0" sequenceCoverage="100.0" branchCoverage="0.0" maxCyclomaticComplexity="0" minCyclomaticComplexity="0" maxCrapScore="0" minCrapScore="0" visitedClasses="1" numClasses="1" visitedMethods="6" numMethods="6" />
          <FullName>GameController</FullName>
          <Methods>
            <Method visited="true" cyclomaticComplexity="0" nPathComplexity="0" sequenceCoverage="100.0" branchCoverage="0" crapScore="0" isConstructor="false" isStatic="false" isGetter="false" isSetter="false">
              <Summary numSequencePoints="3" visitedSequencePoints="3" numBranchPoints="0" visitedBranchPoints="0" sequenceCoverage="100.0" branchCoverage="0" maxCyclomaticComplexity="0" minCyclomaticComplexity="0" maxCrapScore="0" minCrapScore="0" visitedClasses="0" numClasses="0" visitedMethods="1" numMethods="1" />
              <MetadataToken>100663300</MetadataToken>
              <Name>System.Void GameController::Awake()</Name>
              <FileRef uid="9" />
              <SequencePoints>
                <SequencePoint vc="10" uspid="901" ordinal="0" offset="0" sl="14" sc="5" el="14" ec="5" bec="0" bev="0" fileid="9" />
                <SequencePoint vc="10" uspid="902" ordinal="0" offset="1" sl="15" sc="9" el="15" ec="9" bec="0" bev="0" fileid="9" />
                <SequencePoint vc="10" uspid="903" ordinal="0" offset="13" sl="16" sc="5" el="16" ec="5" bec="0" bev="0" fileid="9" />
              </SequencePoints>
              <BranchPoints />
            </Method>
            <Method visited="true" cyclomaticComplexity="0" nPathComplexity="0" sequenceCoverage="100.0" branchCoverage="0" crapScore="0" isConstructor="false" isStatic="false" isGetter="false" isSetter="false">
              <Summary numSequencePoints="3" visitedSequencePoints="3" numBranchPoints="0" visitedBranchPoints="0" sequenceCoverage="100.0" branchCoverage="0" maxCyclomaticComplexity="0" minCyclomaticComplexity="0" maxCrapScore="0" minCrapScore="0" visitedClasses="0" numClasses="0" visitedMethods="1" numMethods="1" />
              <MetadataToken>100663301</MetadataToken>
              <Name>System.Void GameController::Start()</Name>
              <FileRef uid="9" />
              <SequencePoints>
                <SequencePoint vc="7" uspid="904" ordinal="0" offset="0" sl="18" sc="5" el="18" ec="5" bec="0" bev="0" fileid="9" />
                <SequencePoint vc="7" uspid="905" ordinal="0" offset="1" sl="19" sc="9" el="19" ec="9" bec="0" bev="0" fileid="9" />
                <SequencePoint vc="7" uspid="906" ordinal="0" offset="23" sl="20" sc="5" el="20" ec="5" bec="0" bev="0" fileid="9" />
              </SequencePoints>
              <BranchPoints />
            </Method>
            <Method visited="true" cyclomaticComplexity="0" nPathComplexity="0" sequenceCoverage="100.0" branchCoverage="0" crapScore="0" isConstructor="false" isStatic="false" isGetter="false" isSetter="false">
              <Summary numSequencePoints="3" visitedSequencePoints="3" numBranchPoints="0" visitedBranchPoints="0" sequenceCoverage="100.0" branchCoverage="0" maxCyclomaticComplexity="0" minCyclomaticComplexity="0" maxCrapScore="0" minCrapScore="0" visitedClasses="0" numClasses="0" visitedMethods="1" numMethods="1" />
              <MetadataToken>100663303</MetadataToken>
              <Name>System.Void GameController::Die()</Name>
              <FileRef uid="9" />
              <SequencePoints>
                <SequencePoint vc="1" uspid="913" ordinal="0" offset="0" sl="31" sc="5" el="31" ec="5" bec="0" bev="0" fileid="9" />
                <SequencePoint vc="1" uspid="914" ordinal="0" offset="1" sl="32" sc="9" el="32" ec="9" bec="0" bev="0" fileid="9" />
                <SequencePoint vc="1" uspid="915" ordinal="0" offset="19" sl="33" sc="5" el="33" ec="5" bec="0" bev="0" fileid="9" />
              </SequencePoints>
              <BranchPoints />
            </Method>
            <Method visited="true" cyclomaticComplexity="0" nPathComplexity="0" sequenceCoverage="100.0" branchCoverage="0" crapScore="0" isConstructor="false" isStatic="false" isGetter="false" isSetter="false">
              <Summary numSequencePoints="2" visitedSequencePoints="2" numBranchPoints="0" visitedBranchPoints="0" sequenceCoverage="100.0" branchCoverage="0" maxCyclomaticComplexity="0" minCyclomaticComplexity="0" maxCrapScore="0" minCrapScore="0" visitedClasses="0" numClasses="0" visitedMethods="1" numMethods="1" />
              <MetadataToken>100663305</MetadataToken>
              <Name>System.Void GameController::Update()</Name>
              <FileRef uid="9" />
              <SequencePoints>
                <SequencePoint vc="12" uspid="916" ordinal="0" offset="0" sl="43" sc="5" el="43" ec="5" bec="0" bev="0" fileid="9" />
                <SequencePoint vc="12" uspid="917" ordinal="0" offset="1" sl="45" sc="5" el="45" ec="5" bec="0" bev="0" fileid="9" />
              </SequencePoints>
              <BranchPoints />
            </Method>
            <Method visited="true" cyclomaticComplexity="0" nPathComplexity="0" sequenceCoverage="100.0" branchCoverage="0" crapScore="0" isConstructor="false" isStatic="false" isGetter="false" isSetter="false">
              <Summary numSequencePoints="4" visitedSequencePoints="4" numBranchPoints="0" visitedBranchPoints="0" sequenceCoverage="100.0" branchCoverage="0" maxCyclomaticComplexity="0" minCyclomaticComplexity="0" maxCrapScore="0" minCrapScore="0" visitedClasses="0" numClasses="0" visitedMethods="1" numMethods="1" />
              <MetadataToken>100663306</MetadataToken>
              <Name>System.Void GameController::pauseGame()</Name>
              <FileRef uid="9" />
              <SequencePoints>
                <SequencePoint vc="1" uspid="918" ordinal="0" offset="0" sl="47" sc="5" el="47" ec="5" bec="0" bev="0" fileid="9" />
                <SequencePoint vc="1" uspid="919" ordinal="0" offset="1" sl="48" sc="9" el="48" ec="9" bec="0" bev="0" fileid="9" />
                <SequencePoint vc="1" uspid="920" ordinal="0" offset="12" sl="49" sc="9" el="49" ec="9" bec="0" bev="0" fileid="9" />
                <SequencePoint vc="1" uspid="921" ordinal="0" offset="25" sl="50" sc="5" el="50" ec="5" bec="0" bev="0" fileid="9" />
              </SequencePoints>
              <BranchPoints />
            </Method>
            <Method visited="true" cyclomaticComplexity="0" nPathComplexity="0" sequenceCoverage="100.0" branchCoverage="0" crapScore="0" isConstructor="false" isStatic="false" isGetter="false" isSetter="false">
              <Summary numSequencePoints="4" visitedSequencePoints="4" numBranchPoints="0" visitedBranchPoints="0" sequenceCoverage="100.0" branchCoverage="0" maxCyclomaticComplexity="0" minCyclomaticComplexity="0" maxCrapScore="0" minCrapScore="0" visitedClasses="0" numClasses="0" visitedMethods="1" numMethods="1" />
              <MetadataToken>100663307</MetadataToken>
              <Name>System.Void GameController::ResumeGame()</Name>
              <FileRef uid="9" />
              <SequencePoints>
                <SequencePoint vc="1" uspid="922" ordinal="0" offset="0" sl="52" sc="5" el="52" ec="5" bec="0" bev="0" fileid="9" />
                <SequencePoint vc="1" uspid="923" ordinal="0" offset="1" sl="53" sc="9" el="53" ec="9" bec="0" bev="0" fileid="9" />
                <SequencePoint vc="1" uspid="924" ordinal="0" offset="12" sl="54" sc="9" el="54" ec="9" bec="0" bev="0" fileid="9" />
                <SequencePoint vc="1" uspid="925" ordinal="0" offset="25" sl="55" sc="5" el="55" ec="5" bec="0" bev="0" fileid="9" />
              </SequencePoints>
              <BranchPoints />
            </Method>
          </Methods>
        </Class>
        <Class>
          <Summary numSequencePoints="48" visitedSequencePoints="28" numBranchPoints="0" visitedBranchPoints="0" sequenceCoverage="58.33" branchCoverage="0.0" maxCyclomaticComplexity="0" minCyclomaticComplexity="0" maxCrapScore="0" minCrapScore="0" visitedClasses="1" numClasses="1" visitedMethods="5" numMethods="5" />
          <FullName>PlayerMovement</FullName>
          <Methods>
            <Method visited="true" cyclomaticComplexity="0" nPathComplexity="0" sequenceCoverage="100.0" branchCoverage="0" crapScore="0" isConstructor="false" isStatic="false" isGetter="false" isSetter="false">
              <Summary numSequencePoints="6" visitedSequencePoints="6" numBranchPoints="0" visitedBranchPoints="0" sequenceCoverage="100.0" branchCoverage="0" maxCyclomaticComplexity="0" minCyclomaticComplexity="0" maxCrapScore="0" minCrapScore="0" visitedClasses="0" numClasses="0" visitedMethods="1" numMethods="1" />
              <MetadataToken>100663312</MetadataToken>
              <Name>System.Void PlayerMovement::Start()</Name>
              <FileRef uid="11" />
              <SequencePoints>
                <SequencePoint vc="8" uspid="933" ordinal="0" offset="0" sl="25" sc="5" el="25" ec="5" bec="0" bev="0" fileid="11" />
                <SequencePoint vc="8" uspid="934" ordinal="0" offset="1" sl="26" sc="9" el="26" ec="9" bec="0" bev="0" fileid="11" />
                <SequencePoint vc="8" uspid="935" ordinal="0" offset="13" sl="27" sc="9" el="27" ec="9" bec="0" bev="0" fileid="11" />
                <SequencePoint vc="8" uspid="936" ordinal="0" offset="25" sl="28" sc="9" el="28" ec="9" bec="0" bev="0" fileid="11" />
                <SequencePoint vc="8" uspid="937" ordinal="0" offset="37" sl="29" sc="9" el="29" ec="9" bec="0" bev="0" fileid="11" />
                <SequencePoint vc="8" uspid="938" ordinal="0" offset="49" sl="30" sc="5" el="30" ec="5" bec="0" bev="0" fileid="11" />
              </SequencePoints>
              <BranchPoints />
            </Method>
            <Method visited="true" cyclomaticComplexity="0" nPathComplexity="0" sequenceCoverage="66.67" branchCoverage="0" crapScore="0" isConstructor="false" isStatic="false" isGetter="false" isSetter="false">
              <Summary numSequencePoints="9" visitedSequencePoints="6" numBranchPoints="0" visitedBranchPoints="0" sequenceCoverage="66.67" branchCoverage="0" maxCyclomaticComplexity="0" minCyclomaticComplexity="0" maxCrapScore="0" minCrapScore="0" visitedClasses="0" numClasses="0" visitedMethods="1" numMethods="1" />
              <MetadataToken>100663313</MetadataToken>
              <Name>System.Void PlayerMovement::Update()</Name>
              <FileRef uid="11" />
              <SequencePoints>
                <SequencePoint vc="10" uspid="939" ordinal="0" offset="0" sl="34" sc="5" el="34" ec="5" bec="0" bev="0" fileid="11" />
                <SequencePoint vc="10" uspid="940" ordinal="0" offset="1" sl="35" sc="9" el="35" ec="9" bec="0" bev="0" fileid="11" />
                <SequencePoint vc="10" uspid="941" ordinal="0" offset="17" sl="36" sc="9" el="36" ec="9" bec="0" bev="0" fileid="11" />
                <SequencePoint vc="10" uspid="942" ordinal="0" offset="63" sl="37" sc="9" el="37" ec="9" bec="0" bev="0" fileid="11" />
                <SequencePoint vc="0" uspid="943" ordinal="0" offset="88" sl="38" sc="9" el="38" ec="9" bec="0" bev="0" fileid="11" />
                <SequencePoint vc="0" uspid="944" ordinal="0" offset="89" sl="39" sc="13" el="39" ec="13" bec="0" bev="0" fileid="11" />
                <SequencePoint vc="0" uspid="945" ordinal="0" offset="128" sl="40" sc="9" el="40" ec="9" bec="0" bev="0" fileid="11" />
                <SequencePoint vc="10" uspid="946" ordinal="0" offset="129" sl="42" sc="9" el="42" ec="9" bec="0" bev="0" fileid="11" />
                <SequencePoint vc="10" uspid="947" ordinal="0" offset="136" sl="43" sc="5" el="43" ec="5" bec="0" bev="0" fileid="11" />
              </SequencePoints>
              <BranchPoints />
            </Method>
            <Method visited="true" cyclomaticComplexity="0" nPathComplexity="0" sequenceCoverage="50.00" branchCoverage="0" crapScore="0" isConstructor="false" isStatic="false" isGetter="false" isSetter="false">
              <Summary numSequencePoints="6" visitedSequencePoints="3" numBranchPoints="0" visitedBranchPoints="0" sequenceCoverage="50.00" branchCoverage="0" maxCyclomaticComplexity="0" minCyclomaticComplexity="0" maxCrapScore="0" minCrapScore="0" visitedClasses="0" numClasses="0" visitedMethods="1" numMethods="1" />
              <MetadataToken>100663315</MetadataToken>
              <Name>System.Void PlayerMovement::Jump()</Name>
              <FileRef uid="11" />
              <SequencePoints>
                <SequencePoint vc="1" uspid="952" ordinal="0" offset="0" sl="50" sc="5" el="50" ec="5" bec="0" bev="0" fileid="11" />
                <SequencePoint vc="1" uspid="953" ordinal="0" offset="1" sl="51" sc="9" el="51" ec="9" bec="0" bev="0" fileid="11" />
                <SequencePoint vc="0" uspid="954" ordinal="0" offset="26" sl="52" sc="9" el="52" ec="9" bec="0" bev="0" fileid="11" />
                <SequencePoint vc="0" uspid="955" ordinal="0" offset="27" sl="53" sc="13" el="53" ec="13" bec="0" bev="0" fileid="11" />
                <SequencePoint vc="0" uspid="956" ordinal="0" offset="66" sl="54" sc="9" el="54" ec="9" bec="0" bev="0" fileid="11" />
                <SequencePoint vc="1" uspid="957" ordinal="0" offset="67" sl="55" sc="5" el="55" ec="5" bec="0" bev="0" fileid="11" />
              </SequencePoints>
              <BranchPoints />
            </Method>
            <Method visited="true" cyclomaticComplexity="0" nPathComplexity="0" sequenceCoverage="41.67" branchCoverage="0" crapScore="0" isConstructor="false" isStatic="false" isGetter="false" isSetter="false">
              <Summary numSequencePoints="24" visitedSequencePoints="10" numBranchPoints="0" visitedBranchPoints="0" sequenceCoverage="41.67" branchCoverage="0" maxCyclomaticComplexity="0" minCyclomaticComplexity="0" maxCrapScore="0" minCrapScore="0" visitedClasses="0" numClasses="0" visitedMethods="1" numMethods="1" />
              <MetadataToken>100663316</MetadataToken>
              <Name>System.Void PlayerMovement::MovementAnimation()</Name>
              <FileRef uid="11" />
              <SequencePoints>
                <SequencePoint vc="10" uspid="958" ordinal="0" offset="0" sl="57" sc="5" el="57" ec="5" bec="0" bev="0" fileid="11" />
                <SequencePoint vc="10" uspid="959" ordinal="0" offset="1" sl="59" sc="9" el="59" ec="9" bec="0" bev="0" fileid="11" />
                <SequencePoint vc="0" uspid="960" ordinal="0" offset="18" sl="60" sc="9" el="60" ec="9" bec="0" bev="0" fileid="11" />
                <SequencePoint vc="0" uspid="961" ordinal="0" offset="19" sl="61" sc="13" el="61" ec="13" bec="0" bev="0" fileid="11" />
                <SequencePoint vc="0" uspid="962" ordinal="0" offset="21" sl="62" sc="13" el="62" ec="13" bec="0" bev="0" fileid="11" />
                <SequencePoint vc="0" uspid="963" ordinal="0" offset="34" sl="63" sc="9" el="63" ec="9" bec="0" bev="0" fileid="11" />
                <SequencePoint vc="10" uspid="964" ordinal="0" offset="37" sl="64" sc="14" el="64" ec="14" bec="0" bev="0" fileid="11" />
                <SequencePoint vc="0" uspid="965" ordinal="0" offset="54" sl="65" sc="9" el="65" ec="9" bec="0" bev="0" fileid="11" />
                <SequencePoint vc="0" uspid="966" ordinal="0" offset="55" sl="66" sc="13" el="66" ec="13" bec="0" bev="0" fileid="11" />
                <SequencePoint vc="0" uspid="967" ordinal="0" offset="57" sl="67" sc="13" el="67" ec="13" bec="0" bev="0" fileid="11" />
                <SequencePoint vc="0" uspid="968" ordinal="0" offset="70" sl="68" sc="9" el="68" ec="9" bec="0" bev="0" fileid="11" />
                <SequencePoint vc="10" uspid="969" ordinal="0" offset="73" sl="70" sc="9" el="70" ec="9" bec="0" bev="0" fileid="11" />
                <SequencePoint vc="10" uspid="970" ordinal="0" offset="74" sl="71" sc="13" el="71" ec="13" bec="0" bev="0" fileid="11" />
                <SequencePoint vc="10" uspid="971" ordinal="0" offset="76" sl="72" sc="9" el="72" ec="9" bec="0" bev="0" fileid="11" />
                <SequencePoint vc="10" uspid="972" ordinal="0" offset="77" sl="73" sc="9" el="73" ec="9" bec="0" bev="0" fileid="11" />
                <SequencePoint vc="0" uspid="973" ordinal="0" offset="104" sl="74" sc="9" el="74" ec="9" bec="0" bev="0" fileid="11" />
                <SequencePoint vc="0" uspid="974" ordinal="0" offset="105" sl="75" sc="13" el="75" ec="13" bec="0" bev="0" fileid="11" />
                <SequencePoint vc="0" uspid="975" ordinal="0" offset="107" sl="76" sc="9" el="76" ec="9" bec="0" bev="0" fileid="11" />
                <SequencePoint vc="10" uspid="976" ordinal="0" offset="110" sl="77" sc="14" el="77" ec="14" bec="0" bev="0" fileid="11" />
                <SequencePoint vc="0" uspid="977" ordinal="0" offset="139" sl="78" sc="9" el="78" ec="9" bec="0" bev="0" fileid="11" />
                <SequencePoint vc="0" uspid="978" ordinal="0" offset="140" sl="79" sc="13" el="79" ec="13" bec="0" bev="0" fileid="11" />
                <SequencePoint vc="0" uspid="979" ordinal="0" offset="142" sl="80" sc="9" el="80" ec="9" bec="0" bev="0" fileid="11" />
                <SequencePoint vc="10" uspid="980" ordinal="0" offset="143" sl="81" sc="9" el="81" ec="9" bec="0" bev="0" fileid="11" />
                <SequencePoint vc="10" uspid="981" ordinal="0" offset="161" sl="82" sc="5" el="82" ec="5" bec="0" bev="0" fileid="11" />
              </SequencePoints>
              <BranchPoints />
            </Method>
            <Method visited="true" cyclomaticComplexity="0" nPathComplexity="0" sequenceCoverage="100.0" branchCoverage="0" crapScore="0" isConstructor="true" isStatic="false" isGetter="false" isSetter="false">
              <Summary numSequencePoints="3" visitedSequencePoints="3" numBranchPoints="0" visitedBranchPoints="0" sequenceCoverage="100.0" branchCoverage="0" maxCyclomaticComplexity="0" minCyclomaticComplexity="0" maxCrapScore="0" minCrapScore="0" visitedClasses="0" numClasses="0" visitedMethods="1" numMethods="1" />
              <MetadataToken>100663321</MetadataToken>
              <Name>PlayerMovement::PlayerMovement()</Name>
              <FileRef uid="11" />
              <SequencePoints>
                <SequencePoint vc="11" uspid="996" ordinal="0" offset="0" sl="13" sc="5" el="13" ec="5" bec="0" bev="0" fileid="11" />
                <SequencePoint vc="11" uspid="997" ordinal="0" offset="11" sl="14" sc="22" el="14" ec="22" bec="0" bev="0" fileid="11" />
                <SequencePoint vc="11" uspid="998" ordinal="0" offset="22" sl="15" sc="22" el="15" ec="22" bec="0" bev="0" fileid="11" />
              </SequencePoints>
              <BranchPoints />
            </Method>
          </Methods>
        </Class>
        <Class>
          <Summary numSequencePoints="6" visitedSequencePoints="3" numBranchPoints="0" visitedBranchPoints="0" sequenceCoverage="50.00" branchCoverage="0.0" maxCyclomaticComplexity="0" minCyclomaticComplexity="0" maxCrapScore="0" minCrapScore="0" visitedClasses="1" numClasses="1" visitedMethods="1" numMethods="1" />
          <FullName>GameController/&lt;Respawn&gt;d__8</FullName>
          <Methods>
            <Method visited="true" cyclomaticComplexity="0" nPathComplexity="0" sequenceCoverage="50.00" branchCoverage="0" crapScore="0" isConstructor="false" isStatic="false" isGetter="false" isSetter="false">
              <Summary numSequencePoints="6" visitedSequencePoints="3" numBranchPoints="0" visitedBranchPoints="0" sequenceCoverage="50.00" branchCoverage="0" maxCyclomaticComplexity="0" minCyclomaticComplexity="0" maxCrapScore="0" minCrapScore="0" visitedClasses="0" numClasses="0" visitedMethods="1" numMethods="1" />
              <MetadataToken>100663330</MetadataToken>
              <Name>System.Boolean GameController/&lt;Respawn&gt;d__8::MoveNext()</Name>
              <FileRef uid="9" />
              <SequencePoints>
                <SequencePoint vc="1" uspid="1005" ordinal="0" offset="31" sl="35" sc="5" el="35" ec="5" bec="0" bev="0" fileid="9" />
                <SequencePoint vc="1" uspid="1006" ordinal="0" offset="32" sl="36" sc="9" el="36" ec="9" bec="0" bev="0" fileid="9" />
                <SequencePoint vc="1" uspid="1007" ordinal="0" offset="50" sl="37" sc="9" el="37" ec="9" bec="0" bev="0" fileid="9" />
                <SequencePoint vc="0" uspid="1008" ordinal="0" offset="83" sl="38" sc="9" el="38" ec="9" bec="0" bev="0" fileid="9" />
                <SequencePoint vc="0" uspid="1009" ordinal="0" offset="116" sl="39" sc="9" el="39" ec="9" bec="0" bev="0" fileid="9" />
                <SequencePoint vc="0" uspid="1010" ordinal="0" offset="134" sl="40" sc="5" el="40" ec="5" bec="0" bev="0" fileid="9" />
              </SequencePoints>
              <BranchPoints />
            </Method>
          </Methods>
        </Class>
      </Classes>
    </Module>
    <Module>
      <Summary numSequencePoints="106" visitedSequencePoints="91" numBranchPoints="0" visitedBranchPoints="0" sequenceCoverage="85.85" branchCoverage="0.0" maxCyclomaticComplexity="0" minCyclomaticComplexity="0" maxCrapScore="0" minCrapScore="0" visitedClasses="7" numClasses="7" visitedMethods="15" numMethods="15" />
      <ModuleTime>0001-01-01T00:00:00</ModuleTime>
      <ModuleName>PlayMode</ModuleName>
      <Files>
        <File uid="14" fullPath="C:/Users/Vartotojas/Documents/bezdioniu kylimas/BezdioniuKylimas/Assets/Tests/PlayMode/Movement.cs" />
      </Files>
      <Classes>
        <Class>
          <Summary numSequencePoints="29" visitedSequencePoints="27" numBranchPoints="0" visitedBranchPoints="0" sequenceCoverage="93.10" branchCoverage="0.0" maxCyclomaticComplexity="0" minCyclomaticComplexity="0" maxCrapScore="0" minCrapScore="0" visitedClasses="1" numClasses="1" visitedMethods="3" numMethods="3" />
          <FullName>GameControllerTests</FullName>
          <Methods>
            <Method visited="true" cyclomaticComplexity="0" nPathComplexity="0" sequenceCoverage="81.82" branchCoverage="0" crapScore="0" isConstructor="false" isStatic="false" isGetter="false" isSetter="false">
              <Summary numSequencePoints="11" visitedSequencePoints="9" numBranchPoints="0" visitedBranchPoints="0" sequenceCoverage="81.82" branchCoverage="0" maxCyclomaticComplexity="0" minCyclomaticComplexity="0" maxCrapScore="0" minCrapScore="0" visitedClasses="0" numClasses="0" visitedMethods="1" numMethods="1" />
              <MetadataToken>100663297</MetadataToken>
              <Name>System.Void GameControllerTests::DieTest()</Name>
              <FileRef uid="14" />
              <SequencePoints>
                <SequencePoint vc="1" uspid="1011" ordinal="0" offset="0" sl="14" sc="5" el="14" ec="5" bec="0" bev="0" fileid="14" />
                <SequencePoint vc="1" uspid="1012" ordinal="0" offset="1" sl="16" sc="9" el="16" ec="9" bec="0" bev="0" fileid="14" />
                <SequencePoint vc="1" uspid="1013" ordinal="0" offset="7" sl="17" sc="9" el="17" ec="9" bec="0" bev="0" fileid="14" />
                <SequencePoint vc="1" uspid="1014" ordinal="0" offset="14" sl="18" sc="9" el="18" ec="9" bec="0" bev="0" fileid="14" />
                <SequencePoint vc="1" uspid="1015" ordinal="0" offset="21" sl="21" sc="9" el="21" ec="9" bec="0" bev="0" fileid="14" />
                <SequencePoint vc="1" uspid="1016" ordinal="0" offset="32" sl="24" sc="9" el="24" ec="9" bec="0" bev="0" fileid="14" />
                <SequencePoint vc="1" uspid="1017" ordinal="0" offset="38" sl="27" sc="9" el="27" ec="9" bec="0" bev="0" fileid="14" />
                <SequencePoint vc="1" uspid="1018" ordinal="0" offset="45" sl="30" sc="9" el="30" ec="9" bec="0" bev="0" fileid="14" />
                <SequencePoint vc="1" uspid="1019" ordinal="0" offset="68" sl="31" sc="9" el="31" ec="9" bec="0" bev="0" fileid="14" />
                <SequencePoint vc="0" uspid="1020" ordinal="0" offset="107" sl="32" sc="9" el="32" ec="9" bec="0" bev="0" fileid="14" />
                <SequencePoint vc="0" uspid="1021" ordinal="0" offset="137" sl="33" sc="5" el="33" ec="5" bec="0" bev="0" fileid="14" />
              </SequencePoints>
              <BranchPoints />
            </Method>
            <Method visited="true" cyclomaticComplexity="0" nPathComplexity="0" sequenceCoverage="100.0" branchCoverage="0" crapScore="0" isConstructor="false" isStatic="false" isGetter="false" isSetter="false">
              <Summary numSequencePoints="9" visitedSequencePoints="9" numBranchPoints="0" visitedBranchPoints="0" sequenceCoverage="100.0" branchCoverage="0" maxCyclomaticComplexity="0" minCyclomaticComplexity="0" maxCrapScore="0" minCrapScore="0" visitedClasses="0" numClasses="0" visitedMethods="1" numMethods="1" />
              <MetadataToken>100663298</MetadataToken>
              <Name>System.Void GameControllerTests::PauseGameTest()</Name>
              <FileRef uid="14" />
              <SequencePoints>
                <SequencePoint vc="1" uspid="1022" ordinal="0" offset="0" sl="37" sc="5" el="37" ec="5" bec="0" bev="0" fileid="14" />
                <SequencePoint vc="1" uspid="1023" ordinal="0" offset="1" sl="38" sc="9" el="38" ec="9" bec="0" bev="0" fileid="14" />
                <SequencePoint vc="1" uspid="1024" ordinal="0" offset="7" sl="39" sc="9" el="39" ec="9" bec="0" bev="0" fileid="14" />
                <SequencePoint vc="1" uspid="1025" ordinal="0" offset="14" sl="41" sc="9" el="41" ec="9" bec="0" bev="0" fileid="14" />
                <SequencePoint vc="1" uspid="1026" ordinal="0" offset="20" sl="42" sc="9" el="42" ec="9" bec="0" bev="0" fileid="14" />
                <SequencePoint vc="1" uspid="1027" ordinal="0" offset="27" sl="45" sc="9" el="45" ec="9" bec="0" bev="0" fileid="14" />
                <SequencePoint vc="1" uspid="1028" ordinal="0" offset="34" sl="48" sc="9" el="48" ec="9" bec="0" bev="0" fileid="14" />
                <SequencePoint vc="1" uspid="1029" ordinal="0" offset="56" sl="49" sc="9" el="49" ec="9" bec="0" bev="0" fileid="14" />
                <SequencePoint vc="1" uspid="1030" ordinal="0" offset="78" sl="50" sc="5" el="50" ec="5" bec="0" bev="0" fileid="14" />
              </SequencePoints>
              <BranchPoints />
            </Method>
            <Method visited="true" cyclomaticComplexity="0" nPathComplexity="0" sequenceCoverage="100.0" branchCoverage="0" crapScore="0" isConstructor="false" isStatic="false" isGetter="false" isSetter="false">
              <Summary numSequencePoints="9" visitedSequencePoints="9" numBranchPoints="0" visitedBranchPoints="0" sequenceCoverage="100.0" branchCoverage="0" maxCyclomaticComplexity="0" minCyclomaticComplexity="0" maxCrapScore="0" minCrapScore="0" visitedClasses="0" numClasses="0" visitedMethods="1" numMethods="1" />
              <MetadataToken>100663299</MetadataToken>
              <Name>System.Void GameControllerTests::ResumeGameTest()</Name>
              <FileRef uid="14" />
              <SequencePoints>
                <SequencePoint vc="1" uspid="1031" ordinal="0" offset="0" sl="54" sc="5" el="54" ec="5" bec="0" bev="0" fileid="14" />
                <SequencePoint vc="1" uspid="1032" ordinal="0" offset="1" sl="55" sc="9" el="55" ec="9" bec="0" bev="0" fileid="14" />
                <SequencePoint vc="1" uspid="1033" ordinal="0" offset="7" sl="56" sc="9" el="56" ec="9" bec="0" bev="0" fileid="14" />
                <SequencePoint vc="1" uspid="1034" ordinal="0" offset="14" sl="58" sc="9" el="58" ec="9" bec="0" bev="0" fileid="14" />
                <SequencePoint vc="1" uspid="1035" ordinal="0" offset="20" sl="59" sc="9" el="59" ec="9" bec="0" bev="0" fileid="14" />
                <SequencePoint vc="1" uspid="1036" ordinal="0" offset="27" sl="62" sc="9" el="62" ec="9" bec="0" bev="0" fileid="14" />
                <SequencePoint vc="1" uspid="1037" ordinal="0" offset="34" sl="65" sc="9" el="65" ec="9" bec="0" bev="0" fileid="14" />
                <SequencePoint vc="1" uspid="1038" ordinal="0" offset="56" sl="66" sc="9" el="66" ec="9" bec="0" bev="0" fileid="14" />
                <SequencePoint vc="1" uspid="1039" ordinal="0" offset="78" sl="67" sc="5" el="67" ec="5" bec="0" bev="0" fileid="14" />
              </SequencePoints>
              <BranchPoints />
            </Method>
          </Methods>
        </Class>
        <Class>
          <Summary numSequencePoints="24" visitedSequencePoints="24" numBranchPoints="0" visitedBranchPoints="0" sequenceCoverage="100.0" branchCoverage="0.0" maxCyclomaticComplexity="0" minCyclomaticComplexity="0" maxCrapScore="0" minCrapScore="0" visitedClasses="1" numClasses="1" visitedMethods="5" numMethods="5" />
          <FullName>AnimationTests</FullName>
          <Methods>
            <Method visited="true" cyclomaticComplexity="0" nPathComplexity="0" sequenceCoverage="100.0" branchCoverage="0" crapScore="0" isConstructor="false" isStatic="false" isGetter="false" isSetter="false">
              <Summary numSequencePoints="4" visitedSequencePoints="4" numBranchPoints="0" visitedBranchPoints="0" sequenceCoverage="100.0" branchCoverage="0" maxCyclomaticComplexity="0" minCyclomaticComplexity="0" maxCrapScore="0" minCrapScore="0" visitedClasses="0" numClasses="0" visitedMethods="1" numMethods="1" />
              <MetadataToken>100663301</MetadataToken>
              <Name>System.Void AnimationTests::SetUp()</Name>
              <FileRef uid="14" />
              <SequencePoints>
                <SequencePoint vc="4" uspid="1040" ordinal="0" offset="0" sl="76" sc="5" el="76" ec="5" bec="0" bev="0" fileid="14" />
                <SequencePoint vc="4" uspid="1041" ordinal="0" offset="1" sl="78" sc="9" el="78" ec="9" bec="0" bev="0" fileid="14" />
                <SequencePoint vc="4" uspid="1042" ordinal="0" offset="12" sl="81" sc="9" el="81" ec="9" bec="0" bev="0" fileid="14" />
                <SequencePoint vc="4" uspid="1043" ordinal="0" offset="28" sl="84" sc="5" el="84" ec="5" bec="0" bev="0" fileid="14" />
              </SequencePoints>
              <BranchPoints />
            </Method>
            <Method visited="true" cyclomaticComplexity="0" nPathComplexity="0" sequenceCoverage="100.0" branchCoverage="0" crapScore="0" isConstructor="false" isStatic="false" isGetter="false" isSetter="false">
              <Summary numSequencePoints="5" visitedSequencePoints="5" numBranchPoints="0" visitedBranchPoints="0" sequenceCoverage="100.0" branchCoverage="0" maxCyclomaticComplexity="0" minCyclomaticComplexity="0" maxCrapScore="0" minCrapScore="0" visitedClasses="0" numClasses="0" visitedMethods="1" numMethods="1" />
              <MetadataToken>100663302</MetadataToken>
              <Name>System.Void AnimationTests::IdleStateTest()</Name>
              <FileRef uid="14" />
              <SequencePoints>
                <SequencePoint vc="1" uspid="1044" ordinal="0" offset="0" sl="87" sc="5" el="87" ec="5" bec="0" bev="0" fileid="14" />
                <SequencePoint vc="1" uspid="1045" ordinal="0" offset="1" sl="89" sc="9" el="89" ec="9" bec="0" bev="0" fileid="14" />
                <SequencePoint vc="1" uspid="1046" ordinal="0" offset="7" sl="92" sc="9" el="92" ec="9" bec="0" bev="0" fileid="14" />
                <SequencePoint vc="1" uspid="1047" ordinal="0" offset="24" sl="95" sc="9" el="95" ec="9" bec="0" bev="0" fileid="14" />
                <SequencePoint vc="1" uspid="1048" ordinal="0" offset="47" sl="96" sc="5" el="96" ec="5" bec="0" bev="0" fileid="14" />
              </SequencePoints>
              <BranchPoints />
            </Method>
            <Method visited="true" cyclomaticComplexity="0" nPathComplexity="0" sequenceCoverage="100.0" branchCoverage="0" crapScore="0" isConstructor="false" isStatic="false" isGetter="false" isSetter="false">
              <Summary numSequencePoints="5" visitedSequencePoints="5" numBranchPoints="0" visitedBranchPoints="0" sequenceCoverage="100.0" branchCoverage="0" maxCyclomaticComplexity="0" minCyclomaticComplexity="0" maxCrapScore="0" minCrapScore="0" visitedClasses="0" numClasses="0" visitedMethods="1" numMethods="1" />
              <MetadataToken>100663303</MetadataToken>
              <Name>System.Void AnimationTests::RunStateTest()</Name>
              <FileRef uid="14" />
              <SequencePoints>
                <SequencePoint vc="1" uspid="1049" ordinal="0" offset="0" sl="100" sc="5" el="100" ec="5" bec="0" bev="0" fileid="14" />
                <SequencePoint vc="1" uspid="1050" ordinal="0" offset="1" sl="102" sc="9" el="102" ec="9" bec="0" bev="0" fileid="14" />
                <SequencePoint vc="1" uspid="1051" ordinal="0" offset="7" sl="105" sc="9" el="105" ec="9" bec="0" bev="0" fileid="14" />
                <SequencePoint vc="1" uspid="1052" ordinal="0" offset="24" sl="108" sc="9" el="108" ec="9" bec="0" bev="0" fileid="14" />
                <SequencePoint vc="1" uspid="1053" ordinal="0" offset="47" sl="109" sc="5" el="109" ec="5" bec="0" bev="0" fileid="14" />
              </SequencePoints>
              <BranchPoints />
            </Method>
            <Method visited="true" cyclomaticComplexity="0" nPathComplexity="0" sequenceCoverage="100.0" branchCoverage="0" crapScore="0" isConstructor="false" isStatic="false" isGetter="false" isSetter="false">
              <Summary numSequencePoints="5" visitedSequencePoints="5" numBranchPoints="0" visitedBranchPoints="0" sequenceCoverage="100.0" branchCoverage="0" maxCyclomaticComplexity="0" minCyclomaticComplexity="0" maxCrapScore="0" minCrapScore="0" visitedClasses="0" numClasses="0" visitedMethods="1" numMethods="1" />
              <MetadataToken>100663304</MetadataToken>
              <Name>System.Void AnimationTests::JumpStateTest()</Name>
              <FileRef uid="14" />
              <SequencePoints>
                <SequencePoint vc="1" uspid="1054" ordinal="0" offset="0" sl="113" sc="5" el="113" ec="5" bec="0" bev="0" fileid="14" />
                <SequencePoint vc="1" uspid="1055" ordinal="0" offset="1" sl="115" sc="9" el="115" ec="9" bec="0" bev="0" fileid="14" />
                <SequencePoint vc="1" uspid="1056" ordinal="0" offset="7" sl="118" sc="9" el="118" ec="9" bec="0" bev="0" fileid="14" />
                <SequencePoint vc="1" uspid="1057" ordinal="0" offset="24" sl="121" sc="9" el="121" ec="9" bec="0" bev="0" fileid="14" />
                <SequencePoint vc="1" uspid="1058" ordinal="0" offset="47" sl="122" sc="5" el="122" ec="5" bec="0" bev="0" fileid="14" />
              </SequencePoints>
              <BranchPoints />
            </Method>
            <Method visited="true" cyclomaticComplexity="0" nPathComplexity="0" sequenceCoverage="100.0" branchCoverage="0" crapScore="0" isConstructor="false" isStatic="false" isGetter="false" isSetter="false">
              <Summary numSequencePoints="5" visitedSequencePoints="5" numBranchPoints="0" visitedBranchPoints="0" sequenceCoverage="100.0" branchCoverage="0" maxCyclomaticComplexity="0" minCyclomaticComplexity="0" maxCrapScore="0" minCrapScore="0" visitedClasses="0" numClasses="0" visitedMethods="1" numMethods="1" />
              <MetadataToken>100663305</MetadataToken>
              <Name>System.Void AnimationTests::FallStateTest()</Name>
              <FileRef uid="14" />
              <SequencePoints>
                <SequencePoint vc="1" uspid="1059" ordinal="0" offset="0" sl="126" sc="5" el="126" ec="5" bec="0" bev="0" fileid="14" />
                <SequencePoint vc="1" uspid="1060" ordinal="0" offset="1" sl="128" sc="9" el="128" ec="9" bec="0" bev="0" fileid="14" />
                <SequencePoint vc="1" uspid="1061" ordinal="0" offset="7" sl="131" sc="9" el="131" ec="9" bec="0" bev="0" fileid="14" />
                <SequencePoint vc="1" uspid="1062" ordinal="0" offset="24" sl="134" sc="9" el="134" ec="9" bec="0" bev="0" fileid="14" />
                <SequencePoint vc="1" uspid="1063" ordinal="0" offset="47" sl="135" sc="5" el="135" ec="5" bec="0" bev="0" fileid="14" />
              </SequencePoints>
              <BranchPoints />
            </Method>
          </Methods>
        </Class>
        <Class>
          <Summary numSequencePoints="23" visitedSequencePoints="20" numBranchPoints="0" visitedBranchPoints="0" sequenceCoverage="86.96" branchCoverage="0.0" maxCyclomaticComplexity="0" minCyclomaticComplexity="0" maxCrapScore="0" minCrapScore="0" visitedClasses="1" numClasses="1" visitedMethods="3" numMethods="3" />
          <FullName>MovementAnimationTestObject</FullName>
          <Methods>
            <Method visited="true" cyclomaticComplexity="0" nPathComplexity="0" sequenceCoverage="100.0" branchCoverage="0" crapScore="0" isConstructor="false" isStatic="false" isGetter="true" isSetter="false">
              <Summary numSequencePoints="1" visitedSequencePoints="1" numBranchPoints="0" visitedBranchPoints="0" sequenceCoverage="100.0" branchCoverage="0" maxCyclomaticComplexity="0" minCyclomaticComplexity="0" maxCrapScore="0" minCrapScore="0" visitedClasses="0" numClasses="0" visitedMethods="1" numMethods="1" />
              <MetadataToken>100663307</MetadataToken>
              <Name>MovementAnimationTestObject/MovementState MovementAnimationTestObject::get_CurrentState()</Name>
              <FileRef uid="14" />
              <SequencePoints>
                <SequencePoint vc="4" uspid="1064" ordinal="0" offset="0" sl="148" sc="41" el="148" ec="41" bec="0" bev="0" fileid="14" />
              </SequencePoints>
              <BranchPoints />
            </Method>
            <Method visited="true" cyclomaticComplexity="0" nPathComplexity="0" sequenceCoverage="100.0" branchCoverage="0" crapScore="0" isConstructor="false" isStatic="false" isGetter="false" isSetter="true">
              <Summary numSequencePoints="1" visitedSequencePoints="1" numBranchPoints="0" visitedBranchPoints="0" sequenceCoverage="100.0" branchCoverage="0" maxCyclomaticComplexity="0" minCyclomaticComplexity="0" maxCrapScore="0" minCrapScore="0" visitedClasses="0" numClasses="0" visitedMethods="1" numMethods="1" />
              <MetadataToken>100663308</MetadataToken>
              <Name>System.Void MovementAnimationTestObject::set_CurrentState(MovementAnimationTestObject/MovementState)</Name>
              <FileRef uid="14" />
              <SequencePoints>
                <SequencePoint vc="4" uspid="1065" ordinal="0" offset="0" sl="148" sc="46" el="148" ec="46" bec="0" bev="0" fileid="14" />
              </SequencePoints>
              <BranchPoints />
            </Method>
            <Method visited="true" cyclomaticComplexity="0" nPathComplexity="0" sequenceCoverage="85.71" branchCoverage="0" crapScore="0" isConstructor="false" isStatic="false" isGetter="false" isSetter="false">
              <Summary numSequencePoints="21" visitedSequencePoints="18" numBranchPoints="0" visitedBranchPoints="0" sequenceCoverage="85.71" branchCoverage="0" maxCyclomaticComplexity="0" minCyclomaticComplexity="0" maxCrapScore="0" minCrapScore="0" visitedClasses="0" numClasses="0" visitedMethods="1" numMethods="1" />
              <MetadataToken>100663309</MetadataToken>
              <Name>System.Void MovementAnimationTestObject::UpdateMovementState(System.Single, System.Single)</Name>
              <FileRef uid="14" />
              <SequencePoints>
                <SequencePoint vc="4" uspid="1066" ordinal="0" offset="0" sl="151" sc="5" el="151" ec="5" bec="0" bev="0" fileid="14" />
                <SequencePoint vc="4" uspid="1067" ordinal="0" offset="1" sl="152" sc="9" el="152" ec="9" bec="0" bev="0" fileid="14" />
                <SequencePoint vc="1" uspid="1068" ordinal="0" offset="13" sl="153" sc="9" el="153" ec="9" bec="0" bev="0" fileid="14" />
                <SequencePoint vc="1" uspid="1069" ordinal="0" offset="14" sl="154" sc="13" el="154" ec="13" bec="0" bev="0" fileid="14" />
                <SequencePoint vc="1" uspid="1070" ordinal="0" offset="22" sl="155" sc="9" el="155" ec="9" bec="0" bev="0" fileid="14" />
                <SequencePoint vc="3" uspid="1071" ordinal="0" offset="25" sl="156" sc="14" el="156" ec="14" bec="0" bev="0" fileid="14" />
                <SequencePoint vc="0" uspid="1072" ordinal="0" offset="37" sl="157" sc="9" el="157" ec="9" bec="0" bev="0" fileid="14" />
                <SequencePoint vc="0" uspid="1073" ordinal="0" offset="38" sl="158" sc="13" el="158" ec="13" bec="0" bev="0" fileid="14" />
                <SequencePoint vc="0" uspid="1074" ordinal="0" offset="46" sl="159" sc="9" el="159" ec="9" bec="0" bev="0" fileid="14" />
                <SequencePoint vc="3" uspid="1075" ordinal="0" offset="49" sl="160" sc="14" el="160" ec="14" bec="0" bev="0" fileid="14" />
                <SequencePoint vc="1" uspid="1076" ordinal="0" offset="61" sl="161" sc="9" el="161" ec="9" bec="0" bev="0" fileid="14" />
                <SequencePoint vc="1" uspid="1077" ordinal="0" offset="62" sl="162" sc="13" el="162" ec="13" bec="0" bev="0" fileid="14" />
                <SequencePoint vc="1" uspid="1078" ordinal="0" offset="70" sl="163" sc="9" el="163" ec="9" bec="0" bev="0" fileid="14" />
                <SequencePoint vc="2" uspid="1079" ordinal="0" offset="73" sl="164" sc="14" el="164" ec="14" bec="0" bev="0" fileid="14" />
                <SequencePoint vc="1" uspid="1080" ordinal="0" offset="85" sl="165" sc="9" el="165" ec="9" bec="0" bev="0" fileid="14" />
                <SequencePoint vc="1" uspid="1081" ordinal="0" offset="86" sl="166" sc="13" el="166" ec="13" bec="0" bev="0" fileid="14" />
                <SequencePoint vc="1" uspid="1082" ordinal="0" offset="94" sl="167" sc="9" el="167" ec="9" bec="0" bev="0" fileid="14" />
                <SequencePoint vc="1" uspid="1083" ordinal="0" offset="97" sl="169" sc="9" el="169" ec="9" bec="0" bev="0" fileid="14" />
                <SequencePoint vc="1" uspid="1084" ordinal="0" offset="98" sl="170" sc="13" el="170" ec="13" bec="0" bev="0" fileid="14" />
                <SequencePoint vc="1" uspid="1085" ordinal="0" offset="106" sl="171" sc="9" el="171" ec="9" bec="0" bev="0" fileid="14" />
                <SequencePoint vc="4" uspid="1086" ordinal="0" offset="107" sl="172" sc="5" el="172" ec="5" bec="0" bev="0" fileid="14" />
              </SequencePoints>
              <BranchPoints />
            </Method>
          </Methods>
        </Class>
        <Class>
          <Summary numSequencePoints="6" visitedSequencePoints="6" numBranchPoints="0" visitedBranchPoints="0" sequenceCoverage="100.0" branchCoverage="0.0" maxCyclomaticComplexity="0" minCyclomaticComplexity="0" maxCrapScore="0" minCrapScore="0" visitedClasses="1" numClasses="1" visitedMethods="1" numMethods="1" />
          <FullName>MovementAnimationTestObject/MovementTests</FullName>
          <Methods>
            <Method visited="true" cyclomaticComplexity="0" nPathComplexity="0" sequenceCoverage="100.0" branchCoverage="0" crapScore="0" isConstructor="false" isStatic="false" isGetter="false" isSetter="false">
              <Summary numSequencePoints="6" visitedSequencePoints="6" numBranchPoints="0" visitedBranchPoints="0" sequenceCoverage="100.0" branchCoverage="0" maxCyclomaticComplexity="0" minCyclomaticComplexity="0" maxCrapScore="0" minCrapScore="0" visitedClasses="0" numClasses="0" visitedMethods="1" numMethods="1" />
              <MetadataToken>100663313</MetadataToken>
              <Name>System.Void MovementAnimationTestObject/MovementTests::SetUp()</Name>
              <FileRef uid="14" />
              <SequencePoints>
                <SequencePoint vc="3" uspid="1087" ordinal="0" offset="0" sl="181" sc="9" el="181" ec="9" bec="0" bev="0" fileid="14" />
                <SequencePoint vc="3" uspid="1088" ordinal="0" offset="1" sl="183" sc="13" el="183" ec="13" bec="0" bev="0" fileid="14" />
                <SequencePoint vc="3" uspid="1089" ordinal="0" offset="12" sl="186" sc="13" el="186" ec="13" bec="0" bev="0" fileid="14" />
                <SequencePoint vc="3" uspid="1090" ordinal="0" offset="28" sl="187" sc="13" el="187" ec="13" bec="0" bev="0" fileid="14" />
                <SequencePoint vc="3" uspid="1091" ordinal="0" offset="45" sl="188" sc="13" el="188" ec="13" bec="0" bev="0" fileid="14" />
                <SequencePoint vc="3" uspid="1092" ordinal="0" offset="62" sl="189" sc="9" el="189" ec="9" bec="0" bev="0" fileid="14" />
              </SequencePoints>
              <BranchPoints />
            </Method>
          </Methods>
        </Class>
        <Class>
          <Summary numSequencePoints="8" visitedSequencePoints="8" numBranchPoints="0" visitedBranchPoints="0" sequenceCoverage="100.0" branchCoverage="0.0" maxCyclomaticComplexity="0" minCyclomaticComplexity="0" maxCrapScore="0" minCrapScore="0" visitedClasses="1" numClasses="1" visitedMethods="1" numMethods="1" />
          <FullName>MovementAnimationTestObject/MovementTests/&lt;Jump_Test&gt;d__6</FullName>
          <Methods>
            <Method visited="true" cyclomaticComplexity="0" nPathComplexity="0" sequenceCoverage="100.0" branchCoverage="0" crapScore="0" isConstructor="false" isStatic="false" isGetter="false" isSetter="false">
              <Summary numSequencePoints="8" visitedSequencePoints="8" numBranchPoints="0" visitedBranchPoints="0" sequenceCoverage="100.0" branchCoverage="0" maxCyclomaticComplexity="0" minCyclomaticComplexity="0" maxCrapScore="0" minCrapScore="0" visitedClasses="0" numClasses="0" visitedMethods="1" numMethods="1" />
              <MetadataToken>100663320</MetadataToken>
              <Name>System.Boolean MovementAnimationTestObject/MovementTests/&lt;Jump_Test&gt;d__6::MoveNext()</Name>
              <FileRef uid="14" />
              <SequencePoints>
                <SequencePoint vc="1" uspid="1093" ordinal="0" offset="31" sl="231" sc="9" el="231" ec="9" bec="0" bev="0" fileid="14" />
                <SequencePoint vc="1" uspid="1094" ordinal="0" offset="32" sl="232" sc="13" el="232" ec="13" bec="0" bev="0" fileid="14" />
                <SequencePoint vc="1" uspid="1095" ordinal="0" offset="53" sl="233" sc="13" el="233" ec="13" bec="0" bev="0" fileid="14" />
                <SequencePoint vc="1" uspid="1096" ordinal="0" offset="80" sl="234" sc="13" el="234" ec="13" bec="0" bev="0" fileid="14" />
                <SequencePoint vc="1" uspid="1097" ordinal="0" offset="107" sl="243" sc="13" el="243" ec="13" bec="0" bev="0" fileid="14" />
                <SequencePoint vc="1" uspid="1098" ordinal="0" offset="124" sl="244" sc="13" el="244" ec="13" bec="0" bev="0" fileid="14" />
                <SequencePoint vc="1" uspid="1099" ordinal="0" offset="147" sl="246" sc="13" el="246" ec="13" bec="0" bev="0" fileid="14" />
                <SequencePoint vc="1" uspid="1100" ordinal="0" offset="215" sl="247" sc="9" el="247" ec="9" bec="0" bev="0" fileid="14" />
              </SequencePoints>
              <BranchPoints />
            </Method>
          </Methods>
        </Class>
        <Class>
          <Summary numSequencePoints="8" visitedSequencePoints="3" numBranchPoints="0" visitedBranchPoints="0" sequenceCoverage="37.50" branchCoverage="0.0" maxCyclomaticComplexity="0" minCyclomaticComplexity="0" maxCrapScore="0" minCrapScore="0" visitedClasses="1" numClasses="1" visitedMethods="1" numMethods="1" />
          <FullName>MovementAnimationTestObject/MovementTests/&lt;MoveLeft&gt;d__4</FullName>
          <Methods>
            <Method visited="true" cyclomaticComplexity="0" nPathComplexity="0" sequenceCoverage="37.50" branchCoverage="0" crapScore="0" isConstructor="false" isStatic="false" isGetter="false" isSetter="false">
              <Summary numSequencePoints="8" visitedSequencePoints="3" numBranchPoints="0" visitedBranchPoints="0" sequenceCoverage="37.50" branchCoverage="0" maxCyclomaticComplexity="0" minCyclomaticComplexity="0" maxCrapScore="0" minCrapScore="0" visitedClasses="0" numClasses="0" visitedMethods="1" numMethods="1" />
              <MetadataToken>100663326</MetadataToken>
              <Name>System.Boolean MovementAnimationTestObject/MovementTests/&lt;MoveLeft&gt;d__4::MoveNext()</Name>
              <FileRef uid="14" />
              <SequencePoints>
                <SequencePoint vc="1" uspid="1101" ordinal="0" offset="31" sl="192" sc="9" el="192" ec="9" bec="0" bev="0" fileid="14" />
                <SequencePoint vc="1" uspid="1102" ordinal="0" offset="32" sl="197" sc="13" el="197" ec="13" bec="0" bev="0" fileid="14" />
                <SequencePoint vc="1" uspid="1103" ordinal="0" offset="43" sl="198" sc="13" el="198" ec="13" bec="0" bev="0" fileid="14" />
                <SequencePoint vc="0" uspid="1104" ordinal="0" offset="75" sl="200" sc="13" el="200" ec="13" bec="0" bev="0" fileid="14" />
                <SequencePoint vc="0" uspid="1105" ordinal="0" offset="96" sl="202" sc="13" el="202" ec="13" bec="0" bev="0" fileid="14" />
                <SequencePoint vc="0" uspid="1106" ordinal="0" offset="113" sl="205" sc="13" el="205" ec="13" bec="0" bev="0" fileid="14" />
                <SequencePoint vc="0" uspid="1107" ordinal="0" offset="136" sl="208" sc="13" el="208" ec="13" bec="0" bev="0" fileid="14" />
                <SequencePoint vc="0" uspid="1108" ordinal="0" offset="206" sl="209" sc="9" el="209" ec="9" bec="0" bev="0" fileid="14" />
              </SequencePoints>
              <BranchPoints />
            </Method>
          </Methods>
        </Class>
        <Class>
          <Summary numSequencePoints="8" visitedSequencePoints="3" numBranchPoints="0" visitedBranchPoints="0" sequenceCoverage="37.50" branchCoverage="0.0" maxCyclomaticComplexity="0" minCyclomaticComplexity="0" maxCrapScore="0" minCrapScore="0" visitedClasses="1" numClasses="1" visitedMethods="1" numMethods="1" />
          <FullName>MovementAnimationTestObject/MovementTests/&lt;MoveRight&gt;d__5</FullName>
          <Methods>
            <Method visited="true" cyclomaticComplexity="0" nPathComplexity="0" sequenceCoverage="37.50" branchCoverage="0" crapScore="0" isConstructor="false" isStatic="false" isGetter="false" isSetter="false">
              <Summary numSequencePoints="8" visitedSequencePoints="3" numBranchPoints="0" visitedBranchPoints="0" sequenceCoverage="37.50" branchCoverage="0" maxCyclomaticComplexity="0" minCyclomaticComplexity="0" maxCrapScore="0" minCrapScore="0" visitedClasses="0" numClasses="0" visitedMethods="1" numMethods="1" />
              <MetadataToken>100663332</MetadataToken>
              <Name>System.Boolean MovementAnimationTestObject/MovementTests/&lt;MoveRight&gt;d__5::MoveNext()</Name>
              <FileRef uid="14" />
              <SequencePoints>
                <SequencePoint vc="1" uspid="1109" ordinal="0" offset="31" sl="212" sc="9" el="212" ec="9" bec="0" bev="0" fileid="14" />
                <SequencePoint vc="1" uspid="1110" ordinal="0" offset="32" sl="217" sc="13" el="217" ec="13" bec="0" bev="0" fileid="14" />
                <SequencePoint vc="1" uspid="1111" ordinal="0" offset="43" sl="218" sc="13" el="218" ec="13" bec="0" bev="0" fileid="14" />
                <SequencePoint vc="0" uspid="1112" ordinal="0" offset="75" sl="219" sc="13" el="219" ec="13" bec="0" bev="0" fileid="14" />
                <SequencePoint vc="0" uspid="1113" ordinal="0" offset="96" sl="221" sc="13" el="221" ec="13" bec="0" bev="0" fileid="14" />
                <SequencePoint vc="0" uspid="1114" ordinal="0" offset="113" sl="224" sc="13" el="224" ec="13" bec="0" bev="0" fileid="14" />
                <SequencePoint vc="0" uspid="1115" ordinal="0" offset="136" sl="227" sc="13" el="227" ec="13" bec="0" bev="0" fileid="14" />
                <SequencePoint vc="0" uspid="1116" ordinal="0" offset="205" sl="228" sc="9" el="228" ec="9" bec="0" bev="0" fileid="14" />
              </SequencePoints>
              <BranchPoints />
            </Method>
          </Methods>
        </Class>
      </Classes>
    </Module>
  </Modules>
</CoverageSession>